#
# There is insufficient memory for the Java Runtime Environment to continue.
# Native memory allocation (malloc) failed to allocate 936576 bytes for Chunk::new
# Possible reasons:
#   The system is out of physical RAM or swap space
#   In 32 bit mode, the process size limit was hit
# Possible solutions:
#   Reduce memory load on the system
#   Increase physical memory or swap space
#   Check if swap backing store is full
#   Use 64 bit Java on a 64 bit OS
#   Decrease Java heap size (-Xmx/-Xms)
#   Decrease number of Java threads
#   Decrease Java thread stack sizes (-Xss)
#   Set larger code cache with -XX:ReservedCodeCacheSize=
# This output file may be truncated or incomplete.
#
#  Out of Memory Error (allocation.cpp:390), pid=10132, tid=0x0000000000000c50
#
# JRE version: OpenJDK Runtime Environment (8.0_152-b01) (build 1.8.0_152-release-1343-b01)
# Java VM: OpenJDK 64-Bit Server VM (25.152-b01 mixed mode windows-amd64 compressed oops)
# Failed to write core dump. Minidumps are not enabled by default on client versions of Windows
#

---------------  T H R E A D  ---------------

Current thread (0x00000000160ec000):  JavaThread "C2 CompilerThread1" daemon [_thread_in_native, id=3152, stack(0x0000000017840000,0x0000000017940000)]

Stack: [0x0000000017840000,0x0000000017940000]
[error occurred during error reporting (printing stack bounds), id 0xc0000005]

Native frames: (J=compiled Java code, j=interpreted, Vv=VM code, C=native code)


Current CompileTask:
C2:   7875 1406   !   4       java.net.URLClassLoader$1::run (63 bytes)


---------------  P R O C E S S  ---------------

Java Threads: ( => current thread )
  0x000000001920f000 JavaThread "Cache worker for file hash cache (C:\Users\sum_1\AndroidStudioProjects\WazeDemo\.gradle\5.1.1\fileHashes)" [_thread_blocked, id=7788, stack(0x000000001ce30000,0x000000001cf30000)]
  0x000000001920c000 JavaThread "Cache worker for journal cache (C:\Users\sum_1\.gradle\caches\journal-1)" [_thread_blocked, id=1420, stack(0x000000001ab90000,0x000000001ac90000)]
  0x000000001920b800 JavaThread "File lock request listener" [_thread_in_native, id=7472, stack(0x000000001aa90000,0x000000001ab90000)]
  0x0000000018383000 JavaThread "Cache worker for file hash cache (C:\Users\sum_1\.gradle\caches\5.1.1\fileHashes)" [_thread_blocked, id=2652, stack(0x000000001a990000,0x000000001aa90000)]
  0x00000000184b7800 JavaThread "Thread-8" [_thread_blocked, id=9656, stack(0x000000001a890000,0x000000001a990000)]
  0x00000000183b8000 JavaThread "Stdin handler" [_thread_blocked, id=2388, stack(0x000000001a790000,0x000000001a890000)]
  0x00000000187d2000 JavaThread "Asynchronous log dispatcher for DefaultDaemonConnection: socket connection from /127.0.0.1:65488 to /127.0.0.1:65490" [_thread_blocked, id=11516, stack(0x000000001a690000,0x000000001a790000)]
  0x0000000018fba000 JavaThread "Daemon worker" [_thread_in_vm, id=1768, stack(0x000000001a590000,0x000000001a690000)]
  0x00000000184aa800 JavaThread "Cancel handler" [_thread_blocked, id=9084, stack(0x000000001a490000,0x000000001a590000)]
  0x0000000017b92800 JavaThread "Handler for socket connection from /127.0.0.1:65488 to /127.0.0.1:65490" [_thread_in_native, id=5172, stack(0x000000001a190000,0x000000001a290000)]
  0x000000001828b000 JavaThread "Daemon" [_thread_blocked, id=2912, stack(0x000000001a090000,0x000000001a190000)]
  0x000000001829a000 JavaThread "Daemon periodic checks" [_thread_blocked, id=11644, stack(0x0000000019f90000,0x000000001a090000)]
  0x000000001827c000 JavaThread "Incoming local TCP Connector on port 65488" [_thread_in_native, id=7840, stack(0x0000000019d50000,0x0000000019e50000)]
  0x000000001614e000 JavaThread "Service Thread" daemon [_thread_blocked, id=1416, stack(0x0000000017e40000,0x0000000017f40000)]
  0x00000000160f0800 JavaThread "C1 CompilerThread2" daemon [_thread_blocked, id=10772, stack(0x0000000017940000,0x0000000017a40000)]
=>0x00000000160ec000 JavaThread "C2 CompilerThread1" daemon [_thread_in_native, id=3152, stack(0x0000000017840000,0x0000000017940000)]
  0x00000000160e9800 JavaThread "C2 CompilerThread0" daemon [_thread_in_native, id=11224, stack(0x0000000017740000,0x0000000017840000)]
  0x00000000160f6000 JavaThread "Attach Listener" daemon [_thread_blocked, id=7056, stack(0x0000000017640000,0x0000000017740000)]
  0x00000000160f5000 JavaThread "Signal Dispatcher" daemon [_thread_blocked, id=4764, stack(0x0000000017540000,0x0000000017640000)]
  0x000000000273b800 JavaThread "Finalizer" daemon [_thread_blocked, id=10608, stack(0x0000000017340000,0x0000000017440000)]
  0x0000000002730800 JavaThread "Reference Handler" daemon [_thread_blocked, id=2496, stack(0x0000000017240000,0x0000000017340000)]
  0x000000000277e000 JavaThread "main" [_thread_blocked, id=5160, stack(0x0000000002500000,0x0000000002600000)]

Other Threads:
  0x00000000160b6000 VMThread [stack: 0x0000000017140000,0x0000000017240000] [id=9220]
  0x0000000017a70000 WatcherThread [stack: 0x0000000017f40000,0x0000000018040000] [id=9812]

VM state:not at safepoint (normal execution)

VM Mutex/Monitor currently owned by a thread: None

Heap:
 PSYoungGen      total 20992K, used 16840K [0x00000000e0000000, 0x00000000e2900000, 0x0000000100000000)
  eden space 15872K, 81% used [0x00000000e0000000,0x00000000e0ca3358,0x00000000e0f80000)
  from space 5120K, 76% used [0x00000000e0f80000,0x00000000e134ee80,0x00000000e1480000)
  to   space 5120K, 0% used [0x00000000e2400000,0x00000000e2400000,0x00000000e2900000)
 ParOldGen       total 42496K, used 4997K [0x00000000a0000000, 0x00000000a2980000, 0x00000000e0000000)
  object space 42496K, 11% used [0x00000000a0000000,0x00000000a04e1480,0x00000000a2980000)
 Metaspace       used 15450K, capacity 15856K, committed 16000K, reserved 1062912K
  class space    used 2196K, capacity 2328K, committed 2432K, reserved 1048576K

Card table byte_map: [0x0000000011b40000,0x0000000011e50000] byte_map_base: 0x0000000011640000

Marking Bits: (ParMarkBitMap*) 0x000000005f755aa0
 Begin Bits: [0x0000000012450000, 0x0000000013c50000)
 End Bits:   [0x0000000013c50000, 0x0000000015450000)

Polling page: 0x0000000000850000

CodeCache: size=245760Kb used=5106Kb max_used=5106Kb free=240653Kb
 bounds [0x0000000002780000, 0x0000000002c80000, 0x0000000011780000]
 total_blobs=1851 nmethods=1466 adapters=299
 compilation: enabled

Compilation events (10 events):
Event: 7.731 Thread 0x00000000160f0800 1430       1       java.nio.Buffer::capacity (5 bytes)
Event: 7.731 Thread 0x00000000160f0800 nmethod 1430 0x0000000002c7d550 code [0x0000000002c7d6a0, 0x0000000002c7d7b0]
Event: 7.733 Thread 0x00000000160f0800 1472       3       sun.reflect.ReflectionFactory::checkInitted (19 bytes)
Event: 7.734 Thread 0x00000000160f0800 nmethod 1472 0x0000000002c7d810 code [0x0000000002c7d980, 0x0000000002c7dc48]
Event: 7.745 Thread 0x00000000160f0800 1473       3       java.util.concurrent.locks.ReentrantLock$NonfairSync::tryAcquire (6 bytes)
Event: 7.745 Thread 0x00000000160f0800 nmethod 1473 0x0000000002c7dd50 code [0x0000000002c7dec0, 0x0000000002c7e0c8]
Event: 7.756 Thread 0x00000000160f0800 1474       3       java.util.concurrent.locks.AbstractQueuedSynchronizer::isOnSyncQueue (33 bytes)
Event: 7.757 Thread 0x00000000160f0800 nmethod 1474 0x0000000002c7e150 code [0x0000000002c7e2c0, 0x0000000002c7e650]
Event: 7.788 Thread 0x00000000160f0800 1475       3       java.lang.String::lastIndexOf (151 bytes)
Event: 7.788 Thread 0x00000000160f0800 nmethod 1475 0x0000000002c7e790 code [0x0000000002c7e940, 0x0000000002c7ee90]

GC Heap History (10 events):
Event: 3.077 GC heap before
{Heap before GC invocations=3 (full 0):
 PSYoungGen      total 18432K, used 18409K [0x00000000e0000000, 0x00000000e1480000, 0x0000000100000000)
  eden space 15872K, 100% used [0x00000000e0000000,0x00000000e0f80000,0x00000000e0f80000)
  from space 2560K, 99% used [0x00000000e1200000,0x00000000e147a740,0x00000000e1480000)
  to   space 2560K, 0% used [0x00000000e0f80000,0x00000000e0f80000,0x00000000e1200000)
 ParOldGen       total 42496K, used 391K [0x00000000a0000000, 0x00000000a2980000, 0x00000000e0000000)
  object space 42496K, 0% used [0x00000000a0000000,0x00000000a0061df0,0x00000000a2980000)
 Metaspace       used 6797K, capacity 7014K, committed 7168K, reserved 1056768K
  class space    used 827K, capacity 915K, committed 1024K, reserved 1048576K
Event: 3.081 GC heap after
Heap after GC invocations=3 (full 0):
 PSYoungGen      total 18432K, used 2553K [0x00000000e0000000, 0x00000000e1480000, 0x0000000100000000)
  eden space 15872K, 0% used [0x00000000e0000000,0x00000000e0000000,0x00000000e0f80000)
  from space 2560K, 99% used [0x00000000e0f80000,0x00000000e11fe460,0x00000000e1200000)
  to   space 2560K, 0% used [0x00000000e1200000,0x00000000e1200000,0x00000000e1480000)
 ParOldGen       total 42496K, used 592K [0x00000000a0000000, 0x00000000a2980000, 0x00000000e0000000)
  object space 42496K, 1% used [0x00000000a0000000,0x00000000a0094260,0x00000000a2980000)
 Metaspace       used 6797K, capacity 7014K, committed 7168K, reserved 1056768K
  class space    used 827K, capacity 915K, committed 1024K, reserved 1048576K
}
Event: 3.401 GC heap before
{Heap before GC invocations=4 (full 0):
 PSYoungGen      total 18432K, used 18425K [0x00000000e0000000, 0x00000000e1480000, 0x0000000100000000)
  eden space 15872K, 100% used [0x00000000e0000000,0x00000000e0f80000,0x00000000e0f80000)
  from space 2560K, 99% used [0x00000000e0f80000,0x00000000e11fe460,0x00000000e1200000)
  to   space 2560K, 0% used [0x00000000e1200000,0x00000000e1200000,0x00000000e1480000)
 ParOldGen       total 42496K, used 592K [0x00000000a0000000, 0x00000000a2980000, 0x00000000e0000000)
  object space 42496K, 1% used [0x00000000a0000000,0x00000000a0094260,0x00000000a2980000)
 Metaspace       used 8503K, capacity 8680K, committed 8960K, reserved 1056768K
  class space    used 1090K, capacity 1172K, committed 1280K, reserved 1048576K
Event: 3.406 GC heap after
Heap after GC invocations=4 (full 0):
 PSYoungGen      total 18432K, used 2560K [0x00000000e0000000, 0x00000000e1480000, 0x0000000100000000)
  eden space 15872K, 0% used [0x00000000e0000000,0x00000000e0000000,0x00000000e0f80000)
  from space 2560K, 100% used [0x00000000e1200000,0x00000000e1480000,0x00000000e1480000)
  to   space 2560K, 0% used [0x00000000e0f80000,0x00000000e0f80000,0x00000000e1200000)
 ParOldGen       total 42496K, used 1744K [0x00000000a0000000, 0x00000000a2980000, 0x00000000e0000000)
  object space 42496K, 4% used [0x00000000a0000000,0x00000000a01b41a0,0x00000000a2980000)
 Metaspace       used 8503K, capacity 8680K, committed 8960K, reserved 1056768K
  class space    used 1090K, capacity 1172K, committed 1280K, reserved 1048576K
}
Event: 6.445 GC heap before
{Heap before GC invocations=5 (full 0):
 PSYoungGen      total 18432K, used 18432K [0x00000000e0000000, 0x00000000e1480000, 0x0000000100000000)
  eden space 15872K, 100% used [0x00000000e0000000,0x00000000e0f80000,0x00000000e0f80000)
  from space 2560K, 100% used [0x00000000e1200000,0x00000000e1480000,0x00000000e1480000)
  to   space 2560K, 0% used [0x00000000e0f80000,0x00000000e0f80000,0x00000000e1200000)
 ParOldGen       total 42496K, used 1744K [0x00000000a0000000, 0x00000000a2980000, 0x00000000e0000000)
  object space 42496K, 4% used [0x00000000a0000000,0x00000000a01b41a0,0x00000000a2980000)
 Metaspace       used 12024K, capacity 12376K, committed 12544K, reserved 1060864K
  class space    used 1609K, capacity 1738K, committed 1792K, reserved 1048576K
Event: 6.453 GC heap after
Heap after GC invocations=5 (full 0):
 PSYoungGen      total 18432K, used 2544K [0x00000000e0000000, 0x00000000e1980000, 0x0000000100000000)
  eden space 15872K, 0% used [0x00000000e0000000,0x00000000e0000000,0x00000000e0f80000)
  from space 2560K, 99% used [0x00000000e0f80000,0x00000000e11fc010,0x00000000e1200000)
  to   space 5120K, 0% used [0x00000000e1480000,0x00000000e1480000,0x00000000e1980000)
 ParOldGen       total 42496K, used 4149K [0x00000000a0000000, 0x00000000a2980000, 0x00000000e0000000)
  object space 42496K, 9% used [0x00000000a0000000,0x00000000a040d440,0x00000000a2980000)
 Metaspace       used 12024K, capacity 12376K, committed 12544K, reserved 1060864K
  class space    used 1609K, capacity 1738K, committed 1792K, reserved 1048576K
}
Event: 7.094 GC heap before
{Heap before GC invocations=6 (full 0):
 PSYoungGen      total 18432K, used 18416K [0x00000000e0000000, 0x00000000e1980000, 0x0000000100000000)
  eden space 15872K, 100% used [0x00000000e0000000,0x00000000e0f80000,0x00000000e0f80000)
  from space 2560K, 99% used [0x00000000e0f80000,0x00000000e11fc010,0x00000000e1200000)
  to   space 5120K, 0% used [0x00000000e1480000,0x00000000e1480000,0x00000000e1980000)
 ParOldGen       total 42496K, used 4149K [0x00000000a0000000, 0x00000000a2980000, 0x00000000e0000000)
  object space 42496K, 9% used [0x00000000a0000000,0x00000000a040d440,0x00000000a2980000)
 Metaspace       used 13123K, capacity 13440K, committed 13568K, reserved 1060864K
  class space    used 1806K, capacity 1966K, committed 2048K, reserved 1048576K
Event: 7.102 GC heap after
Heap after GC invocations=6 (full 0):
 PSYoungGen      total 20992K, used 4123K [0x00000000e0000000, 0x00000000e1980000, 0x0000000100000000)
  eden space 15872K, 0% used [0x00000000e0000000,0x00000000e0000000,0x00000000e0f80000)
  from space 5120K, 80% used [0x00000000e1480000,0x00000000e1886fc8,0x00000000e1980000)
  to   space 5120K, 0% used [0x00000000e0f80000,0x00000000e0f80000,0x00000000e1480000)
 ParOldGen       total 42496K, used 4157K [0x00000000a0000000, 0x00000000a2980000, 0x00000000e0000000)
  object space 42496K, 9% used [0x00000000a0000000,0x00000000a040f440,0x00000000a2980000)
 Metaspace       used 13123K, capacity 13440K, committed 13568K, reserved 1060864K
  class space    used 1806K, capacity 1966K, committed 2048K, reserved 1048576K
}
Event: 7.473 GC heap before
{Heap before GC invocations=7 (full 0):
 PSYoungGen      total 20992K, used 19995K [0x00000000e0000000, 0x00000000e1980000, 0x0000000100000000)
  eden space 15872K, 100% used [0x00000000e0000000,0x00000000e0f80000,0x00000000e0f80000)
  from space 5120K, 80% used [0x00000000e1480000,0x00000000e1886fc8,0x00000000e1980000)
  to   space 5120K, 0% used [0x00000000e0f80000,0x00000000e0f80000,0x00000000e1480000)
 ParOldGen       total 42496K, used 4157K [0x00000000a0000000, 0x00000000a2980000, 0x00000000e0000000)
  object space 42496K, 9% used [0x00000000a0000000,0x00000000a040f440,0x00000000a2980000)
 Metaspace       used 14439K, capacity 14722K, committed 14976K, reserved 1062912K
  class space    used 2027K, capacity 2159K, committed 2176K, reserved 1048576K
Event: 7.482 GC heap after
Heap after GC invocations=7 (full 0):
 PSYoungGen      total 20992K, used 3899K [0x00000000e0000000, 0x00000000e2900000, 0x0000000100000000)
  eden space 15872K, 0% used [0x00000000e0000000,0x00000000e0000000,0x00000000e0f80000)
  from space 5120K, 76% used [0x00000000e0f80000,0x00000000e134ee80,0x00000000e1480000)
  to   space 5120K, 0% used [0x00000000e2400000,0x00000000e2400000,0x00000000e2900000)
 ParOldGen       total 42496K, used 4997K [0x00000000a0000000, 0x00000000a2980000, 0x00000000e0000000)
  object space 42496K, 11% used [0x00000000a0000000,0x00000000a04e1480,0x00000000a2980000)
 Metaspace       used 14439K, capacity 14722K, committed 14976K, reserved 1062912K
  class space    used 2027K, capacity 2159K, committed 2176K, reserved 1048576K
}

Deoptimization events (10 events):
Event: 4.106 Thread 0x000000000277e000 Uncommon trap: reason=unstable_if action=reinterpret pc=0x0000000002ac7b20 method=java.io.WinNTFileSystem.normalize(Ljava/lang/String;II)Ljava/lang/String; @ 90
Event: 6.032 Thread 0x0000000017b92800 Uncommon trap: reason=unstable_if action=reinterpret pc=0x0000000002b44570 method=java.util.concurrent.ConcurrentHashMap.putVal(Ljava/lang/Object;Ljava/lang/Object;Z)Ljava/lang/Object; @ 206
Event: 6.316 Thread 0x0000000018fba000 Uncommon trap: reason=bimorphic action=maybe_recompile pc=0x0000000002a1a564 method=java.util.HashMap.putVal(ILjava/lang/Object;Ljava/lang/Object;ZZ)Ljava/lang/Object; @ 253
Event: 6.316 Thread 0x0000000018fba000 Uncommon trap: reason=bimorphic action=maybe_recompile pc=0x0000000002a1a564 method=java.util.HashMap.putVal(ILjava/lang/Object;Ljava/lang/Object;ZZ)Ljava/lang/Object; @ 253
Event: 6.316 Thread 0x0000000018fba000 Uncommon trap: reason=bimorphic action=maybe_recompile pc=0x0000000002a1a564 method=java.util.HashMap.putVal(ILjava/lang/Object;Ljava/lang/Object;ZZ)Ljava/lang/Object; @ 253
Event: 7.105 Thread 0x0000000018fba000 Uncommon trap: reason=class_check action=maybe_recompile pc=0x0000000002a53118 method=java.util.regex.Matcher.match(II)Z @ 86
Event: 7.127 Thread 0x0000000018fba000 Uncommon trap: reason=class_check action=maybe_recompile pc=0x0000000002a53118 method=java.util.regex.Matcher.match(II)Z @ 86
Event: 7.127 Thread 0x0000000018fba000 Uncommon trap: reason=class_check action=maybe_recompile pc=0x0000000002a53118 method=java.util.regex.Matcher.match(II)Z @ 86
Event: 7.128 Thread 0x0000000018fba000 Uncommon trap: reason=class_check action=maybe_recompile pc=0x0000000002a1575c method=java.util.regex.Matcher.match(II)Z @ 86
Event: 7.635 Thread 0x0000000018fba000 Uncommon trap: reason=unstable_if action=reinterpret pc=0x0000000002b82234 method=java.lang.String.lastIndexOf([CII[CIII)I @ 66

Classes redefined (0 events):
No events

Internal exceptions (10 events):
Event: 6.058 Thread 0x0000000017b92800 Exception <a 'java/lang/NoSuchMethodError': <clinit>> (0x00000000e0a57650) thrown at [D:\src\AOSP-openjdk-cygwin\jdk8u\hotspot\src\share\vm\prims\jni.cpp, line 1613]
Event: 6.090 Thread 0x0000000017b92800 Exception <a 'java/lang/NoSuchMethodError': <clinit>> (0x00000000e0a6a708) thrown at [D:\src\AOSP-openjdk-cygwin\jdk8u\hotspot\src\share\vm\prims\jni.cpp, line 1613]
Event: 6.100 Thread 0x0000000017b92800 Exception <a 'java/lang/NoSuchMethodError': <clinit>> (0x00000000e0a914d8) thrown at [D:\src\AOSP-openjdk-cygwin\jdk8u\hotspot\src\share\vm\prims\jni.cpp, line 1613]
Event: 6.105 Thread 0x0000000017b92800 Exception <a 'java/lang/NoSuchMethodError': <clinit>> (0x00000000e0aa90a8) thrown at [D:\src\AOSP-openjdk-cygwin\jdk8u\hotspot\src\share\vm\prims\jni.cpp, line 1613]
Event: 6.107 Thread 0x0000000017b92800 Exception <a 'java/lang/NoSuchMethodError': <clinit>> (0x00000000e0ab1b70) thrown at [D:\src\AOSP-openjdk-cygwin\jdk8u\hotspot\src\share\vm\prims\jni.cpp, line 1613]
Event: 6.112 Thread 0x0000000017b92800 Exception <a 'java/lang/NoSuchMethodError': <clinit>> (0x00000000e0ac7cd0) thrown at [D:\src\AOSP-openjdk-cygwin\jdk8u\hotspot\src\share\vm\prims\jni.cpp, line 1613]
Event: 6.131 Thread 0x0000000017b92800 Exception <a 'java/lang/NoSuchMethodError': <clinit>> (0x00000000e0b25640) thrown at [D:\src\AOSP-openjdk-cygwin\jdk8u\hotspot\src\share\vm\prims\jni.cpp, line 1613]
Event: 6.138 Thread 0x0000000017b92800 Exception <a 'java/lang/NoSuchMethodError': <clinit>> (0x00000000e0b51ae8) thrown at [D:\src\AOSP-openjdk-cygwin\jdk8u\hotspot\src\share\vm\prims\jni.cpp, line 1613]
Event: 6.145 Thread 0x0000000017b92800 Exception <a 'java/lang/NoSuchMethodError': <clinit>> (0x00000000e0b7fb00) thrown at [D:\src\AOSP-openjdk-cygwin\jdk8u\hotspot\src\share\vm\prims\jni.cpp, line 1613]
Event: 6.146 Thread 0x0000000017b92800 Exception <a 'java/lang/NoSuchMethodError': <clinit>> (0x00000000e0b8aea0) thrown at [D:\src\AOSP-openjdk-cygwin\jdk8u\hotspot\src\share\vm\prims\jni.cpp, line 1613]

Events (10 events):
Event: 7.789 loading class org/gradle/internal/resource/UriTextResource done
Event: 7.789 loading class org/gradle/internal/resource/ResourceLocation
Event: 7.790 loading class org/gradle/internal/resource/ResourceLocation done
Event: 7.790 loading class org/gradle/internal/resource/ResourceIsAFolderException
Event: 7.790 loading class org/gradle/internal/resource/ResourceIsAFolderException done
Event: 7.791 loading class org/apache/commons/io/FilenameUtils
Event: 7.791 loading class org/apache/commons/io/FilenameUtils done
Event: 7.794 loading class org/gradle/groovy/scripts/TextResourceScriptSource
Event: 7.794 loading class org/gradle/groovy/scripts/TextResourceScriptSource done
Event: 7.798 Thread 0x000000001920f000 Thread added: 0x000000001920f000


Dynamic libraries:
0x00007ff674950000 - 0x00007ff674981000 	C:\Program Files\Android\Android Studio\jre\bin\java.exe
0x00007ffe992a0000 - 0x00007ffe9948d000 	C:\WINDOWS\SYSTEM32\ntdll.dll
0x00007ffe985c0000 - 0x00007ffe98673000 	C:\WINDOWS\System32\KERNEL32.DLL
0x00007ffe954a0000 - 0x00007ffe95733000 	C:\WINDOWS\System32\KERNELBASE.dll
0x00007ffe991c0000 - 0x00007ffe99263000 	C:\WINDOWS\System32\ADVAPI32.dll
0x00007ffe98ff0000 - 0x00007ffe9908e000 	C:\WINDOWS\System32\msvcrt.dll
0x00007ffe969c0000 - 0x00007ffe96a5e000 	C:\WINDOWS\System32\sechost.dll
0x00007ffe96f50000 - 0x00007ffe97072000 	C:\WINDOWS\System32\RPCRT4.dll
0x00007ffe965a0000 - 0x00007ffe96737000 	C:\WINDOWS\System32\USER32.dll
0x00007ffe963b0000 - 0x00007ffe963d0000 	C:\WINDOWS\System32\win32u.dll
0x00007ffe98c10000 - 0x00007ffe98c39000 	C:\WINDOWS\System32\GDI32.dll
0x00007ffe95740000 - 0x00007ffe958da000 	C:\WINDOWS\System32\gdi32full.dll
0x00007ffe962e0000 - 0x00007ffe96380000 	C:\WINDOWS\System32\msvcp_win.dll
0x00007ffe963d0000 - 0x00007ffe964ca000 	C:\WINDOWS\System32\ucrtbase.dll
0x00007ffe88010000 - 0x00007ffe88289000 	C:\WINDOWS\WinSxS\amd64_microsoft.windows.common-controls_6595b64144ccf1df_6.0.17763.557_none_05b63f68071e5b9f\COMCTL32.dll
0x00007ffe98830000 - 0x00007ffe98b5c000 	C:\WINDOWS\System32\combase.dll
0x00007ffe953c0000 - 0x00007ffe9543e000 	C:\WINDOWS\System32\bcryptPrimitives.dll
0x00007ffe98570000 - 0x00007ffe9859e000 	C:\WINDOWS\System32\IMM32.DLL
0x000000005ffc0000 - 0x0000000060092000 	C:\Program Files\Android\Android Studio\jre\jre\bin\msvcr100.dll
0x000000005ef90000 - 0x000000005f7d1000 	C:\Program Files\Android\Android Studio\jre\jre\bin\server\jvm.dll
0x00007ffe96f40000 - 0x00007ffe96f48000 	C:\WINDOWS\System32\PSAPI.DLL
0x00007ffe6b720000 - 0x00007ffe6b729000 	C:\WINDOWS\SYSTEM32\WSOCK32.dll
0x00007ffe89500000 - 0x00007ffe8950a000 	C:\WINDOWS\SYSTEM32\VERSION.dll
0x00007ffe8f0b0000 - 0x00007ffe8f0d4000 	C:\WINDOWS\SYSTEM32\WINMM.dll
0x00007ffe98d80000 - 0x00007ffe98ded000 	C:\WINDOWS\System32\WS2_32.dll
0x00007ffe8f080000 - 0x00007ffe8f0ad000 	C:\WINDOWS\SYSTEM32\winmmbase.dll
0x00007ffe95370000 - 0x00007ffe953ba000 	C:\WINDOWS\System32\cfgmgr32.dll
0x00007ffe8fa80000 - 0x00007ffe8fa8f000 	C:\Program Files\Android\Android Studio\jre\jre\bin\verify.dll
0x00007ffe89080000 - 0x00007ffe890a9000 	C:\Program Files\Android\Android Studio\jre\jre\bin\java.dll
0x00007ffe89060000 - 0x00007ffe89076000 	C:\Program Files\Android\Android Studio\jre\jre\bin\zip.dll
0x00007ffe97080000 - 0x00007ffe98570000 	C:\WINDOWS\System32\SHELL32.dll
0x00007ffe96910000 - 0x00007ffe969b8000 	C:\WINDOWS\System32\shcore.dll
0x00007ffe95b70000 - 0x00007ffe962ba000 	C:\WINDOWS\System32\windows.storage.dll
0x00007ffe952e0000 - 0x00007ffe95304000 	C:\WINDOWS\System32\profapi.dll
0x00007ffe95310000 - 0x00007ffe9536d000 	C:\WINDOWS\System32\powrprof.dll
0x00007ffe968b0000 - 0x00007ffe96902000 	C:\WINDOWS\System32\shlwapi.dll
0x00007ffe952c0000 - 0x00007ffe952d1000 	C:\WINDOWS\System32\kernel.appcore.dll
0x00007ffe962c0000 - 0x00007ffe962d7000 	C:\WINDOWS\System32\cryptsp.dll
0x00007ffe89040000 - 0x00007ffe8905a000 	C:\Program Files\Android\Android Studio\jre\jre\bin\net.dll
0x00007ffe94b20000 - 0x00007ffe94b87000 	C:\WINDOWS\system32\mswsock.dll
0x00007ffe87b70000 - 0x00007ffe87b81000 	C:\Program Files\Android\Android Studio\jre\jre\bin\nio.dll
0x00007ffe87930000 - 0x00007ffe8794e000 	C:\Users\sum_1\.gradle\native\25\windows-amd64\native-platform.dll
0x00007ffe8fa70000 - 0x00007ffe8fa7d000 	C:\Program Files\Android\Android Studio\jre\jre\bin\management.dll
0x00007ffe946e0000 - 0x00007ffe94713000 	C:\WINDOWS\system32\rsaenh.dll
0x00007ffe96380000 - 0x00007ffe963a6000 	C:\WINDOWS\System32\bcrypt.dll
0x00007ffe951d0000 - 0x00007ffe951f8000 	C:\WINDOWS\SYSTEM32\USERENV.dll
0x00007ffe94cf0000 - 0x00007ffe94cfc000 	C:\WINDOWS\SYSTEM32\CRYPTBASE.dll
0x00007ffe94880000 - 0x00007ffe948bd000 	C:\WINDOWS\SYSTEM32\IPHLPAPI.DLL
0x00007ffe985a0000 - 0x00007ffe985a8000 	C:\WINDOWS\System32\NSI.dll
0x00007ffe89ac0000 - 0x00007ffe89ad6000 	C:\WINDOWS\SYSTEM32\dhcpcsvc6.DLL
0x00007ffe8a430000 - 0x00007ffe8a44c000 	C:\WINDOWS\SYSTEM32\dhcpcsvc.DLL
0x00007ffe948c0000 - 0x00007ffe94986000 	C:\WINDOWS\SYSTEM32\DNSAPI.dll

VM Arguments:
jvm_args: -Xmx1536m -Dfile.encoding=windows-1252 -Duser.country=US -Duser.language=en -Duser.variant 
java_command: org.gradle.launcher.daemon.bootstrap.GradleDaemon 5.1.1
java_class_path (initial): C:\Users\sum_1\.gradle\wrapper\dists\gradle-5.1.1-all\97z1ksx6lirer3kbvdnh7jtjg\gradle-5.1.1\lib\gradle-launcher-5.1.1.jar
Launcher Type: SUN_STANDARD

Environment Variables:
PATH=C:\Program Files (x86)\Common Files\Oracle\Java\javapath;C:\Program Files\Microsoft MPI\Bin\;C:\ProgramData\Oracle\Java\javapath;C:\WINDOWS\system32;C:\WINDOWS;C:\WINDOWS\System32\Wbem;C:\WINDOWS\System32\WindowsPowerShell\v1.0\;C:\Program Files\Microsoft SQL Server\130\Tools\Binn\;C:\Program Files (x86)\Microsoft SQL Server\Client SDK\ODBC\130\Tools\Binn\;C:\Program Files (x86)\Microsoft SQL Server\140\Tools\Binn\;C:\Program Files (x86)\Microsoft SQL Server\140\DTS\Binn\;C:\Program Files (x86)\Microsoft SQL Server\140\Tools\Binn\ManagementStudio\;C:\Program Files\Microsoft SQL Server\140\Tools\Binn\;C:\Program Files\Microsoft SQL Server\140\DTS\Binn\;C:\Program Files\Microsoft SQL Server\Client SDK\ODBC\130\Tools\Binn\;C:\WINDOWS\System32\OpenSSH\;C:\Program Files\dotnet\;C:\Program Files (x86)\Microsoft SQL Server\150\DTS\Binn\;C:\Users\sum_1\AppData\Local\Microsoft\WindowsApps;
USERNAME=zSum
OS=Windows_NT
PROCESSOR_IDENTIFIER=Intel64 Family 6 Model 78 Stepping 3, GenuineIntel



---------------  S Y S T E M  ---------------

OS: Windows 10.0 , 64 bit Build 17763 (10.0.17763.475)

CPU:total 4 (initial active 4) (2 cores per cpu, 2 threads per core) family 6 model 78 stepping 3, cmov, cx8, fxsr, mmx, sse, sse2, sse3, ssse3, sse4.1, sse4.2, popcnt, avx, avx2, aes, clmul, erms, 3dnowpref, lzcnt, ht, tsc, tscinvbit, bmi1, bmi2, adx

Memory: 4k page, physical 4060708k(332936k free), swap 8255012k(5472k free)

vm_info: OpenJDK 64-Bit Server VM (25.152-b01) for windows-amd64 JRE (1.8.0_152-release-1343-b01), built by "builder" with MS VC++ 10.0 (VS2010)

time: Sun Jun 23 18:19:49 2019
elapsed time: 7 seconds (0d 0h 0m 7s)

