#
# There is insufficient memory for the Java Runtime Environment to continue.
# Native memory allocation (malloc) failed to allocate 262160 bytes for Chunk::new
# Possible reasons:
#   The system is out of physical RAM or swap space
#   In 32 bit mode, the process size limit was hit
# Possible solutions:
#   Reduce memory load on the system
#   Increase physical memory or swap space
#   Check if swap backing store is full
#   Use 64 bit Java on a 64 bit OS
#   Decrease Java heap size (-Xmx/-Xms)
#   Decrease number of Java threads
#   Decrease Java thread stack sizes (-Xss)
#   Set larger code cache with -XX:ReservedCodeCacheSize=
# This output file may be truncated or incomplete.
#
#  Out of Memory Error (allocation.cpp:390), pid=4888, tid=0x0000000000000ea8
#
# JRE version: OpenJDK Runtime Environment (8.0_152-b01) (build 1.8.0_152-release-1343-b01)
# Java VM: OpenJDK 64-Bit Server VM (25.152-b01 mixed mode windows-amd64 compressed oops)
# Failed to write core dump. Minidumps are not enabled by default on client versions of Windows
#

---------------  T H R E A D  ---------------

Current thread (0x0000000016238800):  JavaThread "C2 CompilerThread0" daemon [_thread_in_native, id=3752, stack(0x00000000178a0000,0x00000000179a0000)]

Stack: [0x00000000178a0000,0x00000000179a0000]
[error occurred during error reporting (printing stack bounds), id 0xc0000005]

Native frames: (J=compiled Java code, j=interpreted, Vv=VM code, C=native code)


Current CompileTask:
C2:   6352 1343   !   4       java.net.URLClassLoader$1::run (63 bytes)


---------------  P R O C E S S  ---------------

Java Threads: ( => current thread )
  0x0000000019378000 JavaThread "Cache worker for journal cache (C:\Users\sum_1\.gradle\caches\journal-1)" [_thread_blocked, id=11924, stack(0x000000001acf0000,0x000000001adf0000)]
  0x0000000019377000 JavaThread "File lock request listener" [_thread_in_native, id=5012, stack(0x000000001abf0000,0x000000001acf0000)]
  0x0000000019376800 JavaThread "Cache worker for file hash cache (C:\Users\sum_1\.gradle\caches\5.1.1\fileHashes)" [_thread_blocked, id=6904, stack(0x000000001aaf0000,0x000000001abf0000)]
  0x0000000019375000 JavaThread "Thread-8" [_thread_blocked, id=8496, stack(0x000000001a9f0000,0x000000001aaf0000)]
  0x0000000019378800 JavaThread "Stdin handler" [_thread_blocked, id=11368, stack(0x000000001a8f0000,0x000000001a9f0000)]
  0x000000001937a000 JavaThread "Asynchronous log dispatcher for DefaultDaemonConnection: socket connection from /127.0.0.1:65511 to /127.0.0.1:65512" [_thread_blocked, id=3736, stack(0x000000001a7f0000,0x000000001a8f0000)]
  0x0000000019373800 JavaThread "Daemon worker" [_thread_in_vm, id=8868, stack(0x000000001a6f0000,0x000000001a7f0000)]
  0x0000000019379800 JavaThread "Cancel handler" [_thread_blocked, id=6908, stack(0x000000001a5f0000,0x000000001a6f0000)]
  0x0000000019375800 JavaThread "Handler for socket connection from /127.0.0.1:65511 to /127.0.0.1:65512" [_thread_in_native, id=5288, stack(0x000000001a2f0000,0x000000001a3f0000)]
  0x0000000019374000 JavaThread "Daemon" [_thread_blocked, id=10208, stack(0x000000001a1f0000,0x000000001a2f0000)]
  0x0000000018f42800 JavaThread "Daemon periodic checks" [_thread_blocked, id=1640, stack(0x000000001a0f0000,0x000000001a1f0000)]
  0x0000000018f2a800 JavaThread "Incoming local TCP Connector on port 65511" [_thread_in_native, id=1692, stack(0x0000000019eb0000,0x0000000019fb0000)]
  0x0000000017bc7000 JavaThread "Service Thread" daemon [_thread_blocked, id=3992, stack(0x0000000017fa0000,0x00000000180a0000)]
  0x0000000016248800 JavaThread "C1 CompilerThread2" daemon [_thread_blocked, id=11992, stack(0x0000000017aa0000,0x0000000017ba0000)]
  0x000000001623c000 JavaThread "C2 CompilerThread1" daemon [_thread_in_native, id=10972, stack(0x00000000179a0000,0x0000000017aa0000)]
=>0x0000000016238800 JavaThread "C2 CompilerThread0" daemon [_thread_in_native, id=3752, stack(0x00000000178a0000,0x00000000179a0000)]
  0x0000000016246000 JavaThread "Attach Listener" daemon [_thread_blocked, id=7808, stack(0x00000000177a0000,0x00000000178a0000)]
  0x0000000016245000 JavaThread "Signal Dispatcher" daemon [_thread_blocked, id=836, stack(0x00000000176a0000,0x00000000177a0000)]
  0x000000000283b800 JavaThread "Finalizer" daemon [_thread_blocked, id=9368, stack(0x00000000174a0000,0x00000000175a0000)]
  0x0000000002830800 JavaThread "Reference Handler" daemon [_thread_blocked, id=11180, stack(0x00000000173a0000,0x00000000174a0000)]
  0x0000000000a4e000 JavaThread "main" [_thread_blocked, id=7096, stack(0x0000000000e80000,0x0000000000f80000)]

Other Threads:
  0x0000000016206000 VMThread [stack: 0x00000000172a0000,0x00000000173a0000] [id=9432]
  0x0000000017bc9800 WatcherThread [stack: 0x00000000180a0000,0x00000000181a0000] [id=3836]

VM state:not at safepoint (normal execution)

VM Mutex/Monitor currently owned by a thread: None

Heap:
 PSYoungGen      total 20992K, used 10956K [0x00000000e0000000, 0x00000000e2900000, 0x0000000100000000)
  eden space 15872K, 42% used [0x00000000e0000000,0x00000000e06a73d0,0x00000000e0f80000)
  from space 5120K, 80% used [0x00000000e1480000,0x00000000e188bd40,0x00000000e1980000)
  to   space 5120K, 0% used [0x00000000e0f80000,0x00000000e0f80000,0x00000000e1480000)
 ParOldGen       total 42496K, used 4008K [0x00000000a0000000, 0x00000000a2980000, 0x00000000e0000000)
  object space 42496K, 9% used [0x00000000a0000000,0x00000000a03ea178,0x00000000a2980000)
 Metaspace       used 13912K, capacity 14176K, committed 14464K, reserved 1060864K
  class space    used 1927K, capacity 2062K, committed 2176K, reserved 1048576K

Card table byte_map: [0x0000000011c90000,0x0000000011fa0000] byte_map_base: 0x0000000011790000

Marking Bits: (ParMarkBitMap*) 0x000000005f755aa0
 Begin Bits: [0x00000000125a0000, 0x0000000013da0000)
 End Bits:   [0x0000000013da0000, 0x00000000155a0000)

Polling page: 0x00000000009d0000

CodeCache: size=245760Kb used=4877Kb max_used=4877Kb free=240882Kb
 bounds [0x00000000028d0000, 0x0000000002da0000, 0x00000000118d0000]
 total_blobs=1730 nmethods=1355 adapters=289
 compilation: enabled

Compilation events (10 events):
Event: 5.569 Thread 0x0000000016248800 1348       3       org.gradle.internal.service.DefaultServiceMethodFactory::toServiceMethod (11 bytes)
Event: 5.569 Thread 0x0000000016248800 nmethod 1348 0x0000000002d90210 code [0x0000000002d90380, 0x0000000002d905a8]
Event: 5.576 Thread 0x0000000016248800 1349   !   3       org.gradle.internal.service.MethodHandleBasedServiceMethodFactory::toServiceMethod (51 bytes)
Event: 5.578 Thread 0x0000000016248800 nmethod 1349 0x0000000002d90f50 code [0x0000000002d911e0, 0x0000000002d923c8]
Event: 5.578 Thread 0x0000000016248800 1350       3       java.lang.reflect.Method::getGenericParameterTypes (5 bytes)
Event: 5.580 Thread 0x0000000016248800 nmethod 1350 0x0000000002d92dd0 code [0x0000000002d93000, 0x0000000002d93d68]
Event: 5.580 Thread 0x0000000016248800 1351       3       java.lang.reflect.Method::getGenericReturnType (20 bytes)
Event: 5.581 Thread 0x0000000016248800 nmethod 1351 0x0000000002d946d0 code [0x0000000002d948c0, 0x0000000002d952b8]
Event: 5.582 Thread 0x0000000016248800 1353       1       sun.reflect.generics.tree.SimpleClassTypeSignature::getTypeArguments (5 bytes)
Event: 5.582 Thread 0x0000000016248800 nmethod 1353 0x0000000002d78790 code [0x0000000002d788e0, 0x0000000002d789f0]

GC Heap History (10 events):
Event: 1.858 GC heap before
{Heap before GC invocations=2 (full 0):
 PSYoungGen      total 18432K, used 18400K [0x00000000e0000000, 0x00000000e1480000, 0x0000000100000000)
  eden space 15872K, 100% used [0x00000000e0000000,0x00000000e0f80000,0x00000000e0f80000)
  from space 2560K, 98% used [0x00000000e0f80000,0x00000000e11f8290,0x00000000e1200000)
  to   space 2560K, 0% used [0x00000000e1200000,0x00000000e1200000,0x00000000e1480000)
 ParOldGen       total 42496K, used 134K [0x00000000a0000000, 0x00000000a2980000, 0x00000000e0000000)
  object space 42496K, 0% used [0x00000000a0000000,0x00000000a0021800,0x00000000a2980000)
 Metaspace       used 6608K, capacity 6734K, committed 7040K, reserved 1056768K
  class space    used 804K, capacity 843K, committed 896K, reserved 1048576K
Event: 1.866 GC heap after
Heap after GC invocations=2 (full 0):
 PSYoungGen      total 18432K, used 2549K [0x00000000e0000000, 0x00000000e1480000, 0x0000000100000000)
  eden space 15872K, 0% used [0x00000000e0000000,0x00000000e0000000,0x00000000e0f80000)
  from space 2560K, 99% used [0x00000000e1200000,0x00000000e147d528,0x00000000e1480000)
  to   space 2560K, 0% used [0x00000000e0f80000,0x00000000e0f80000,0x00000000e1200000)
 ParOldGen       total 42496K, used 294K [0x00000000a0000000, 0x00000000a2980000, 0x00000000e0000000)
  object space 42496K, 0% used [0x00000000a0000000,0x00000000a00498f8,0x00000000a2980000)
 Metaspace       used 6608K, capacity 6734K, committed 7040K, reserved 1056768K
  class space    used 804K, capacity 843K, committed 896K, reserved 1048576K
}
Event: 2.788 GC heap before
{Heap before GC invocations=3 (full 0):
 PSYoungGen      total 18432K, used 18421K [0x00000000e0000000, 0x00000000e1480000, 0x0000000100000000)
  eden space 15872K, 100% used [0x00000000e0000000,0x00000000e0f80000,0x00000000e0f80000)
  from space 2560K, 99% used [0x00000000e1200000,0x00000000e147d528,0x00000000e1480000)
  to   space 2560K, 0% used [0x00000000e0f80000,0x00000000e0f80000,0x00000000e1200000)
 ParOldGen       total 42496K, used 294K [0x00000000a0000000, 0x00000000a2980000, 0x00000000e0000000)
  object space 42496K, 0% used [0x00000000a0000000,0x00000000a00498f8,0x00000000a2980000)
 Metaspace       used 6794K, capacity 7014K, committed 7168K, reserved 1056768K
  class space    used 828K, capacity 915K, committed 1024K, reserved 1048576K
Event: 2.792 GC heap after
Heap after GC invocations=3 (full 0):
 PSYoungGen      total 18432K, used 2540K [0x00000000e0000000, 0x00000000e1480000, 0x0000000100000000)
  eden space 15872K, 0% used [0x00000000e0000000,0x00000000e0000000,0x00000000e0f80000)
  from space 2560K, 99% used [0x00000000e0f80000,0x00000000e11fb3e8,0x00000000e1200000)
  to   space 2560K, 0% used [0x00000000e1200000,0x00000000e1200000,0x00000000e1480000)
 ParOldGen       total 42496K, used 474K [0x00000000a0000000, 0x00000000a2980000, 0x00000000e0000000)
  object space 42496K, 1% used [0x00000000a0000000,0x00000000a00768a8,0x00000000a2980000)
 Metaspace       used 6794K, capacity 7014K, committed 7168K, reserved 1056768K
  class space    used 828K, capacity 915K, committed 1024K, reserved 1048576K
}
Event: 3.103 GC heap before
{Heap before GC invocations=4 (full 0):
 PSYoungGen      total 18432K, used 18412K [0x00000000e0000000, 0x00000000e1480000, 0x0000000100000000)
  eden space 15872K, 100% used [0x00000000e0000000,0x00000000e0f80000,0x00000000e0f80000)
  from space 2560K, 99% used [0x00000000e0f80000,0x00000000e11fb3e8,0x00000000e1200000)
  to   space 2560K, 0% used [0x00000000e1200000,0x00000000e1200000,0x00000000e1480000)
 ParOldGen       total 42496K, used 474K [0x00000000a0000000, 0x00000000a2980000, 0x00000000e0000000)
  object space 42496K, 1% used [0x00000000a0000000,0x00000000a00768a8,0x00000000a2980000)
 Metaspace       used 8504K, capacity 8680K, committed 8960K, reserved 1056768K
  class space    used 1090K, capacity 1172K, committed 1280K, reserved 1048576K
Event: 3.108 GC heap after
Heap after GC invocations=4 (full 0):
 PSYoungGen      total 18432K, used 2528K [0x00000000e0000000, 0x00000000e1480000, 0x0000000100000000)
  eden space 15872K, 0% used [0x00000000e0000000,0x00000000e0000000,0x00000000e0f80000)
  from space 2560K, 98% used [0x00000000e1200000,0x00000000e1478020,0x00000000e1480000)
  to   space 2560K, 0% used [0x00000000e0f80000,0x00000000e0f80000,0x00000000e1200000)
 ParOldGen       total 42496K, used 1659K [0x00000000a0000000, 0x00000000a2980000, 0x00000000e0000000)
  object space 42496K, 3% used [0x00000000a0000000,0x00000000a019ec70,0x00000000a2980000)
 Metaspace       used 8504K, capacity 8680K, committed 8960K, reserved 1056768K
  class space    used 1090K, capacity 1172K, committed 1280K, reserved 1048576K
}
Event: 5.131 GC heap before
{Heap before GC invocations=5 (full 0):
 PSYoungGen      total 18432K, used 18400K [0x00000000e0000000, 0x00000000e1480000, 0x0000000100000000)
  eden space 15872K, 100% used [0x00000000e0000000,0x00000000e0f80000,0x00000000e0f80000)
  from space 2560K, 98% used [0x00000000e1200000,0x00000000e1478020,0x00000000e1480000)
  to   space 2560K, 0% used [0x00000000e0f80000,0x00000000e0f80000,0x00000000e1200000)
 ParOldGen       total 42496K, used 1659K [0x00000000a0000000, 0x00000000a2980000, 0x00000000e0000000)
  object space 42496K, 3% used [0x00000000a0000000,0x00000000a019ec70,0x00000000a2980000)
 Metaspace       used 12025K, capacity 12376K, committed 12544K, reserved 1060864K
  class space    used 1609K, capacity 1738K, committed 1792K, reserved 1048576K
Event: 5.141 GC heap after
Heap after GC invocations=5 (full 0):
 PSYoungGen      total 18432K, used 2560K [0x00000000e0000000, 0x00000000e1980000, 0x0000000100000000)
  eden space 15872K, 0% used [0x00000000e0000000,0x00000000e0000000,0x00000000e0f80000)
  from space 2560K, 100% used [0x00000000e0f80000,0x00000000e1200000,0x00000000e1200000)
  to   space 5120K, 0% used [0x00000000e1480000,0x00000000e1480000,0x00000000e1980000)
 ParOldGen       total 42496K, used 4008K [0x00000000a0000000, 0x00000000a2980000, 0x00000000e0000000)
  object space 42496K, 9% used [0x00000000a0000000,0x00000000a03ea178,0x00000000a2980000)
 Metaspace       used 12025K, capacity 12376K, committed 12544K, reserved 1060864K
  class space    used 1609K, capacity 1738K, committed 1792K, reserved 1048576K
}
Event: 5.359 GC heap before
{Heap before GC invocations=6 (full 0):
 PSYoungGen      total 18432K, used 18432K [0x00000000e0000000, 0x00000000e1980000, 0x0000000100000000)
  eden space 15872K, 100% used [0x00000000e0000000,0x00000000e0f80000,0x00000000e0f80000)
  from space 2560K, 100% used [0x00000000e0f80000,0x00000000e1200000,0x00000000e1200000)
  to   space 5120K, 0% used [0x00000000e1480000,0x00000000e1480000,0x00000000e1980000)
 ParOldGen       total 42496K, used 4008K [0x00000000a0000000, 0x00000000a2980000, 0x00000000e0000000)
  object space 42496K, 9% used [0x00000000a0000000,0x00000000a03ea178,0x00000000a2980000)
 Metaspace       used 13114K, capacity 13440K, committed 13568K, reserved 1060864K
  class space    used 1806K, capacity 1966K, committed 2048K, reserved 1048576K
Event: 5.366 GC heap after
Heap after GC invocations=6 (full 0):
 PSYoungGen      total 20992K, used 4143K [0x00000000e0000000, 0x00000000e2900000, 0x0000000100000000)
  eden space 15872K, 0% used [0x00000000e0000000,0x00000000e0000000,0x00000000e0f80000)
  from space 5120K, 80% used [0x00000000e1480000,0x00000000e188bd40,0x00000000e1980000)
  to   space 5120K, 0% used [0x00000000e0f80000,0x00000000e0f80000,0x00000000e1480000)
 ParOldGen       total 42496K, used 4008K [0x00000000a0000000, 0x00000000a2980000, 0x00000000e0000000)
  object space 42496K, 9% used [0x00000000a0000000,0x00000000a03ea178,0x00000000a2980000)
 Metaspace       used 13114K, capacity 13440K, committed 13568K, reserved 1060864K
  class space    used 1806K, capacity 1966K, committed 2048K, reserved 1048576K
}

Deoptimization events (10 events):
Event: 3.838 Thread 0x0000000000a4e000 Uncommon trap: reason=unstable_if action=reinterpret pc=0x0000000002c06ec8 method=java.io.WinNTFileSystem.normalize(Ljava/lang/String;II)Ljava/lang/String; @ 90
Event: 4.982 Thread 0x0000000019375800 Uncommon trap: reason=unstable_if action=reinterpret pc=0x0000000002c85330 method=java.util.concurrent.ConcurrentHashMap.putVal(Ljava/lang/Object;Ljava/lang/Object;Z)Ljava/lang/Object; @ 206
Event: 5.071 Thread 0x0000000019373800 Uncommon trap: reason=bimorphic action=maybe_recompile pc=0x0000000002b833d4 method=java.util.HashMap.putVal(ILjava/lang/Object;Ljava/lang/Object;ZZ)Ljava/lang/Object; @ 253
Event: 5.071 Thread 0x0000000019373800 Uncommon trap: reason=bimorphic action=maybe_recompile pc=0x0000000002b833d4 method=java.util.HashMap.putVal(ILjava/lang/Object;Ljava/lang/Object;ZZ)Ljava/lang/Object; @ 253
Event: 5.071 Thread 0x0000000019373800 Uncommon trap: reason=bimorphic action=maybe_recompile pc=0x0000000002b833d4 method=java.util.HashMap.putVal(ILjava/lang/Object;Ljava/lang/Object;ZZ)Ljava/lang/Object; @ 253
Event: 5.071 Thread 0x0000000019373800 Uncommon trap: reason=bimorphic action=maybe_recompile pc=0x0000000002b7e758 method=java.util.HashMap.putVal(ILjava/lang/Object;Ljava/lang/Object;ZZ)Ljava/lang/Object; @ 253
Event: 5.369 Thread 0x0000000019373800 Uncommon trap: reason=class_check action=maybe_recompile pc=0x0000000002ba40d8 method=java.util.regex.Matcher.match(II)Z @ 86
Event: 5.388 Thread 0x0000000019373800 Uncommon trap: reason=class_check action=maybe_recompile pc=0x0000000002ba40d8 method=java.util.regex.Matcher.match(II)Z @ 86
Event: 5.388 Thread 0x0000000019373800 Uncommon trap: reason=class_check action=maybe_recompile pc=0x0000000002ba40d8 method=java.util.regex.Matcher.match(II)Z @ 86
Event: 5.389 Thread 0x0000000019373800 Uncommon trap: reason=class_check action=maybe_recompile pc=0x0000000002b5aa1c method=java.util.regex.Matcher.match(II)Z @ 86

Classes redefined (0 events):
No events

Internal exceptions (10 events):
Event: 4.988 Thread 0x0000000019375800 Exception <a 'java/lang/NoSuchMethodError': <clinit>> (0x00000000e0a581f0) thrown at [D:\src\AOSP-openjdk-cygwin\jdk8u\hotspot\src\share\vm\prims\jni.cpp, line 1613]
Event: 4.992 Thread 0x0000000019375800 Exception <a 'java/lang/NoSuchMethodError': <clinit>> (0x00000000e0a6b2a8) thrown at [D:\src\AOSP-openjdk-cygwin\jdk8u\hotspot\src\share\vm\prims\jni.cpp, line 1613]
Event: 4.997 Thread 0x0000000019375800 Exception <a 'java/lang/NoSuchMethodError': <clinit>> (0x00000000e0a920b0) thrown at [D:\src\AOSP-openjdk-cygwin\jdk8u\hotspot\src\share\vm\prims\jni.cpp, line 1613]
Event: 5.000 Thread 0x0000000019375800 Exception <a 'java/lang/NoSuchMethodError': <clinit>> (0x00000000e0aa9cb0) thrown at [D:\src\AOSP-openjdk-cygwin\jdk8u\hotspot\src\share\vm\prims\jni.cpp, line 1613]
Event: 5.001 Thread 0x0000000019375800 Exception <a 'java/lang/NoSuchMethodError': <clinit>> (0x00000000e0ab2778) thrown at [D:\src\AOSP-openjdk-cygwin\jdk8u\hotspot\src\share\vm\prims\jni.cpp, line 1613]
Event: 5.003 Thread 0x0000000019375800 Exception <a 'java/lang/NoSuchMethodError': <clinit>> (0x00000000e0ac88e0) thrown at [D:\src\AOSP-openjdk-cygwin\jdk8u\hotspot\src\share\vm\prims\jni.cpp, line 1613]
Event: 5.014 Thread 0x0000000019375800 Exception <a 'java/lang/NoSuchMethodError': <clinit>> (0x00000000e0b261e0) thrown at [D:\src\AOSP-openjdk-cygwin\jdk8u\hotspot\src\share\vm\prims\jni.cpp, line 1613]
Event: 5.022 Thread 0x0000000019375800 Exception <a 'java/lang/NoSuchMethodError': <clinit>> (0x00000000e0b525f8) thrown at [D:\src\AOSP-openjdk-cygwin\jdk8u\hotspot\src\share\vm\prims\jni.cpp, line 1613]
Event: 5.029 Thread 0x0000000019375800 Exception <a 'java/lang/NoSuchMethodError': <clinit>> (0x00000000e0b80670) thrown at [D:\src\AOSP-openjdk-cygwin\jdk8u\hotspot\src\share\vm\prims\jni.cpp, line 1613]
Event: 5.031 Thread 0x0000000019375800 Exception <a 'java/lang/NoSuchMethodError': <clinit>> (0x00000000e0b8ba10) thrown at [D:\src\AOSP-openjdk-cygwin\jdk8u\hotspot\src\share\vm\prims\jni.cpp, line 1613]

Events (10 events):
Event: 5.562 loading class org/gradle/api/internal/plugins/PluginInspector
Event: 5.562 loading class org/gradle/api/internal/plugins/PluginInspector done
Event: 5.582 loading class org/gradle/api/internal/initialization/ScriptClassPathInitializer
Event: 5.582 loading class org/gradle/api/internal/initialization/ScriptClassPathInitializer done
Event: 5.582 loading class org/gradle/api/internal/project/ProjectInternal
Event: 5.582 loading class org/gradle/api/internal/project/ProjectInternal done
Event: 5.583 loading class org/gradle/api/Project
Event: 5.583 loading class org/gradle/api/Project done
Event: 5.586 loading class org/gradle/api/plugins/PluginAware
Event: 5.586 loading class org/gradle/api/plugins/PluginAware done


Dynamic libraries:
0x00007ff674950000 - 0x00007ff674981000 	C:\Program Files\Android\Android Studio\jre\bin\java.exe
0x00007ffe992a0000 - 0x00007ffe9948d000 	C:\WINDOWS\SYSTEM32\ntdll.dll
0x00007ffe985c0000 - 0x00007ffe98673000 	C:\WINDOWS\System32\KERNEL32.DLL
0x00007ffe954a0000 - 0x00007ffe95733000 	C:\WINDOWS\System32\KERNELBASE.dll
0x00007ffe991c0000 - 0x00007ffe99263000 	C:\WINDOWS\System32\ADVAPI32.dll
0x00007ffe98ff0000 - 0x00007ffe9908e000 	C:\WINDOWS\System32\msvcrt.dll
0x00007ffe969c0000 - 0x00007ffe96a5e000 	C:\WINDOWS\System32\sechost.dll
0x00007ffe96f50000 - 0x00007ffe97072000 	C:\WINDOWS\System32\RPCRT4.dll
0x00007ffe965a0000 - 0x00007ffe96737000 	C:\WINDOWS\System32\USER32.dll
0x00007ffe963b0000 - 0x00007ffe963d0000 	C:\WINDOWS\System32\win32u.dll
0x00007ffe98c10000 - 0x00007ffe98c39000 	C:\WINDOWS\System32\GDI32.dll
0x00007ffe95740000 - 0x00007ffe958da000 	C:\WINDOWS\System32\gdi32full.dll
0x00007ffe962e0000 - 0x00007ffe96380000 	C:\WINDOWS\System32\msvcp_win.dll
0x00007ffe963d0000 - 0x00007ffe964ca000 	C:\WINDOWS\System32\ucrtbase.dll
0x00007ffe88010000 - 0x00007ffe88289000 	C:\WINDOWS\WinSxS\amd64_microsoft.windows.common-controls_6595b64144ccf1df_6.0.17763.557_none_05b63f68071e5b9f\COMCTL32.dll
0x00007ffe98830000 - 0x00007ffe98b5c000 	C:\WINDOWS\System32\combase.dll
0x00007ffe953c0000 - 0x00007ffe9543e000 	C:\WINDOWS\System32\bcryptPrimitives.dll
0x00007ffe98570000 - 0x00007ffe9859e000 	C:\WINDOWS\System32\IMM32.DLL
0x000000005ffc0000 - 0x0000000060092000 	C:\Program Files\Android\Android Studio\jre\jre\bin\msvcr100.dll
0x000000005ef90000 - 0x000000005f7d1000 	C:\Program Files\Android\Android Studio\jre\jre\bin\server\jvm.dll
0x00007ffe96f40000 - 0x00007ffe96f48000 	C:\WINDOWS\System32\PSAPI.DLL
0x00007ffe6b720000 - 0x00007ffe6b729000 	C:\WINDOWS\SYSTEM32\WSOCK32.dll
0x00007ffe8f0b0000 - 0x00007ffe8f0d4000 	C:\WINDOWS\SYSTEM32\WINMM.dll
0x00007ffe89500000 - 0x00007ffe8950a000 	C:\WINDOWS\SYSTEM32\VERSION.dll
0x00007ffe98d80000 - 0x00007ffe98ded000 	C:\WINDOWS\System32\WS2_32.dll
0x00007ffe8f080000 - 0x00007ffe8f0ad000 	C:\WINDOWS\SYSTEM32\winmmbase.dll
0x00007ffe95370000 - 0x00007ffe953ba000 	C:\WINDOWS\System32\cfgmgr32.dll
0x00007ffe8fa80000 - 0x00007ffe8fa8f000 	C:\Program Files\Android\Android Studio\jre\jre\bin\verify.dll
0x00007ffe89080000 - 0x00007ffe890a9000 	C:\Program Files\Android\Android Studio\jre\jre\bin\java.dll
0x00007ffe89060000 - 0x00007ffe89076000 	C:\Program Files\Android\Android Studio\jre\jre\bin\zip.dll
0x00007ffe97080000 - 0x00007ffe98570000 	C:\WINDOWS\System32\SHELL32.dll
0x00007ffe96910000 - 0x00007ffe969b8000 	C:\WINDOWS\System32\shcore.dll
0x00007ffe95b70000 - 0x00007ffe962ba000 	C:\WINDOWS\System32\windows.storage.dll
0x00007ffe952e0000 - 0x00007ffe95304000 	C:\WINDOWS\System32\profapi.dll
0x00007ffe95310000 - 0x00007ffe9536d000 	C:\WINDOWS\System32\powrprof.dll
0x00007ffe968b0000 - 0x00007ffe96902000 	C:\WINDOWS\System32\shlwapi.dll
0x00007ffe952c0000 - 0x00007ffe952d1000 	C:\WINDOWS\System32\kernel.appcore.dll
0x00007ffe962c0000 - 0x00007ffe962d7000 	C:\WINDOWS\System32\cryptsp.dll
0x00007ffe89040000 - 0x00007ffe8905a000 	C:\Program Files\Android\Android Studio\jre\jre\bin\net.dll
0x00007ffe94b20000 - 0x00007ffe94b87000 	C:\WINDOWS\system32\mswsock.dll
0x00007ffe87b70000 - 0x00007ffe87b81000 	C:\Program Files\Android\Android Studio\jre\jre\bin\nio.dll
0x00007ffe87930000 - 0x00007ffe8794e000 	C:\Users\sum_1\.gradle\native\25\windows-amd64\native-platform.dll
0x00007ffe8fa70000 - 0x00007ffe8fa7d000 	C:\Program Files\Android\Android Studio\jre\jre\bin\management.dll
0x00007ffe946e0000 - 0x00007ffe94713000 	C:\WINDOWS\system32\rsaenh.dll
0x00007ffe96380000 - 0x00007ffe963a6000 	C:\WINDOWS\System32\bcrypt.dll
0x00007ffe951d0000 - 0x00007ffe951f8000 	C:\WINDOWS\SYSTEM32\USERENV.dll
0x00007ffe94cf0000 - 0x00007ffe94cfc000 	C:\WINDOWS\SYSTEM32\CRYPTBASE.dll
0x00007ffe94880000 - 0x00007ffe948bd000 	C:\WINDOWS\SYSTEM32\IPHLPAPI.DLL
0x00007ffe985a0000 - 0x00007ffe985a8000 	C:\WINDOWS\System32\NSI.dll
0x00007ffe89ac0000 - 0x00007ffe89ad6000 	C:\WINDOWS\SYSTEM32\dhcpcsvc6.DLL
0x00007ffe8a430000 - 0x00007ffe8a44c000 	C:\WINDOWS\SYSTEM32\dhcpcsvc.DLL
0x00007ffe948c0000 - 0x00007ffe94986000 	C:\WINDOWS\SYSTEM32\DNSAPI.dll

VM Arguments:
jvm_args: -Xmx1536m -Dfile.encoding=windows-1252 -Duser.country=US -Duser.language=en -Duser.variant 
java_command: org.gradle.launcher.daemon.bootstrap.GradleDaemon 5.1.1
java_class_path (initial): C:\Users\sum_1\.gradle\wrapper\dists\gradle-5.1.1-all\97z1ksx6lirer3kbvdnh7jtjg\gradle-5.1.1\lib\gradle-launcher-5.1.1.jar
Launcher Type: SUN_STANDARD

Environment Variables:
PATH=C:\Program Files (x86)\Common Files\Oracle\Java\javapath;C:\Program Files\Microsoft MPI\Bin\;C:\ProgramData\Oracle\Java\javapath;C:\WINDOWS\system32;C:\WINDOWS;C:\WINDOWS\System32\Wbem;C:\WINDOWS\System32\WindowsPowerShell\v1.0\;C:\Program Files\Microsoft SQL Server\130\Tools\Binn\;C:\Program Files (x86)\Microsoft SQL Server\Client SDK\ODBC\130\Tools\Binn\;C:\Program Files (x86)\Microsoft SQL Server\140\Tools\Binn\;C:\Program Files (x86)\Microsoft SQL Server\140\DTS\Binn\;C:\Program Files (x86)\Microsoft SQL Server\140\Tools\Binn\ManagementStudio\;C:\Program Files\Microsoft SQL Server\140\Tools\Binn\;C:\Program Files\Microsoft SQL Server\140\DTS\Binn\;C:\Program Files\Microsoft SQL Server\Client SDK\ODBC\130\Tools\Binn\;C:\WINDOWS\System32\OpenSSH\;C:\Program Files\dotnet\;C:\Program Files (x86)\Microsoft SQL Server\150\DTS\Binn\;C:\Users\sum_1\AppData\Local\Microsoft\WindowsApps;
USERNAME=zSum
OS=Windows_NT
PROCESSOR_IDENTIFIER=Intel64 Family 6 Model 78 Stepping 3, GenuineIntel



---------------  S Y S T E M  ---------------

OS: Windows 10.0 , 64 bit Build 17763 (10.0.17763.475)

CPU:total 4 (initial active 4) (2 cores per cpu, 2 threads per core) family 6 model 78 stepping 3, cmov, cx8, fxsr, mmx, sse, sse2, sse3, ssse3, sse4.1, sse4.2, popcnt, avx, avx2, aes, clmul, erms, 3dnowpref, lzcnt, ht, tsc, tscinvbit, bmi1, bmi2, adx

Memory: 4k page, physical 4060708k(356928k free), swap 8255012k(2556k free)

vm_info: OpenJDK 64-Bit Server VM (25.152-b01) for windows-amd64 JRE (1.8.0_152-release-1343-b01), built by "builder" with MS VC++ 10.0 (VS2010)

time: Sun Jun 23 18:20:50 2019
elapsed time: 6 seconds (0d 0h 0m 6s)

