#
# There is insufficient memory for the Java Runtime Environment to continue.
# Native memory allocation (malloc) failed to allocate 1031216 bytes for Chunk::new
# Possible reasons:
#   The system is out of physical RAM or swap space
#   In 32 bit mode, the process size limit was hit
# Possible solutions:
#   Reduce memory load on the system
#   Increase physical memory or swap space
#   Check if swap backing store is full
#   Use 64 bit Java on a 64 bit OS
#   Decrease Java heap size (-Xmx/-Xms)
#   Decrease number of Java threads
#   Decrease Java thread stack sizes (-Xss)
#   Set larger code cache with -XX:ReservedCodeCacheSize=
# This output file may be truncated or incomplete.
#
#  Out of Memory Error (allocation.cpp:390), pid=7736, tid=0x0000000000000434
#
# JRE version: OpenJDK Runtime Environment (8.0_152-b01) (build 1.8.0_152-release-1248-b01)
# Java VM: OpenJDK 64-Bit Server VM (25.152-b01 mixed mode windows-amd64 compressed oops)
# Failed to write core dump. Minidumps are not enabled by default on client versions of Windows
#

---------------  T H R E A D  ---------------

Current thread (0x000000001604f000):  JavaThread "C2 CompilerThread1" daemon [_thread_in_native, id=1076, stack(0x00000000177c0000,0x00000000178c0000)]

Stack: [0x00000000177c0000,0x00000000178c0000]
[error occurred during error reporting (printing stack bounds), id 0xc0000005]

Native frames: (J=compiled Java code, j=interpreted, Vv=VM code, C=native code)


Current CompileTask:
C2:27021360 33035   !   4       java.io.ObjectInputStream::readObject0 (566 bytes)


---------------  P R O C E S S  ---------------

Java Threads: ( => current thread )
  0x000000001e64b800 JavaThread "Cache worker for file hash cache (C:\Users\sum_1\AndroidStudioProjects\WazeDemo\.gradle\4.10.1\fileHashes)" [_thread_blocked, id=7760, stack(0x00000000332d0000,0x00000000333d0000)]
  0x000000001e647000 JavaThread "Stdin handler" [_thread_blocked, id=3744, stack(0x00000000331d0000,0x00000000332d0000)]
  0x000000001e648000 JavaThread "Asynchronous log dispatcher for DefaultDaemonConnection: socket connection from /127.0.0.1:53781 to /127.0.0.1:59209" [_thread_blocked, id=9916, stack(0x00000000330d0000,0x00000000331d0000)]
  0x000000001e63e800 JavaThread "Daemon worker Thread 44" [_thread_in_native, id=5560, stack(0x0000000032fd0000,0x00000000330d0000)]
  0x000000001e645800 JavaThread "Cancel handler" [_thread_blocked, id=6236, stack(0x0000000032ed0000,0x0000000032fd0000)]
  0x000000001e63d000 JavaThread "Handler for socket connection from /127.0.0.1:53781 to /127.0.0.1:59209" [_thread_in_native, id=8512, stack(0x0000000032dd0000,0x0000000032ed0000)]
  0x000000001e641800 JavaThread "Daemon Thread 44" [_thread_blocked, id=9696, stack(0x0000000032cd0000,0x0000000032dd0000)]
  0x000000001e643800 JavaThread "Cache worker for Java compile cache (C:\Users\sum_1\.gradle\caches\4.10.1\javaCompile)" [_thread_blocked, id=9720, stack(0x0000000027860000,0x0000000027960000)]
  0x000000001e640000 JavaThread "MarlinRenderer Disposer" daemon [_thread_blocked, id=3088, stack(0x0000000026e60000,0x0000000026f60000)]
  0x000000001e644000 JavaThread "Java2D Disposer" daemon [_thread_blocked, id=11076, stack(0x0000000026d60000,0x0000000026e60000)]
  0x0000000018537000 JavaThread "Cache worker for file content cache (C:\Users\sum_1\.gradle\caches\4.10.1\fileContent)" [_thread_blocked, id=6376, stack(0x0000000026060000,0x0000000026160000)]
  0x000000001852e000 JavaThread "Memory manager" [_thread_blocked, id=8964, stack(0x0000000021860000,0x0000000021960000)]
  0x0000000019099000 JavaThread "Cache worker for Artifact transforms cache (C:\Users\sum_1\.gradle\caches\transforms-1)" [_thread_blocked, id=10704, stack(0x000000001f860000,0x000000001f960000)]
  0x000000001909e000 JavaThread "Cache worker for journal cache (C:\Users\sum_1\.gradle\caches\journal-1)" [_thread_blocked, id=10976, stack(0x000000001dc80000,0x000000001dd80000)]
  0x000000001ccc8000 JavaThread "File lock request listener" [_thread_in_native, id=3780, stack(0x000000001da80000,0x000000001db80000)]
  0x0000000019415000 JavaThread "Cache worker for file hash cache (C:\Users\sum_1\.gradle\caches\4.10.1\fileHashes)" [_thread_blocked, id=2140, stack(0x000000001c9b0000,0x000000001cab0000)]
  0x0000000018fc0000 JavaThread "Daemon periodic checks" [_thread_blocked, id=8776, stack(0x0000000019f10000,0x000000001a010000)]
  0x0000000018f7b000 JavaThread "Incoming local TCP Connector on port 53781" [_thread_in_native, id=9672, stack(0x0000000019cd0000,0x0000000019dd0000)]
  0x00000000160ae800 JavaThread "Service Thread" daemon [_thread_blocked, id=7764, stack(0x0000000017dc0000,0x0000000017ec0000)]
  0x0000000016058800 JavaThread "C1 CompilerThread2" daemon [_thread_in_vm, id=10032, stack(0x00000000178c0000,0x00000000179c0000)]
=>0x000000001604f000 JavaThread "C2 CompilerThread1" daemon [_thread_in_native, id=1076, stack(0x00000000177c0000,0x00000000178c0000)]
  0x0000000016048800 JavaThread "C2 CompilerThread0" daemon [_thread_blocked, id=5852, stack(0x00000000176c0000,0x00000000177c0000)]
  0x0000000016056000 JavaThread "Attach Listener" daemon [_thread_blocked, id=5392, stack(0x00000000175c0000,0x00000000176c0000)]
  0x0000000016054800 JavaThread "Signal Dispatcher" daemon [_thread_blocked, id=8280, stack(0x00000000174c0000,0x00000000175c0000)]
  0x000000000264b800 JavaThread "Finalizer" daemon [_thread_blocked, id=10320, stack(0x00000000172c0000,0x00000000173c0000)]
  0x0000000002640800 JavaThread "Reference Handler" daemon [_thread_blocked, id=5468, stack(0x00000000171c0000,0x00000000172c0000)]
  0x000000000268e000 JavaThread "main" [_thread_blocked, id=10268, stack(0x0000000000c70000,0x0000000000d70000)]

Other Threads:
  0x0000000016016000 VMThread [stack: 0x00000000170c0000,0x00000000171c0000] [id=2248]
  0x00000000179e8800 WatcherThread [stack: 0x0000000017ec0000,0x0000000017fc0000] [id=5372]

VM state:not at safepoint (normal execution)

VM Mutex/Monitor currently owned by a thread: None

Heap:
 PSYoungGen      total 292352K, used 249720K [0x00000000e0000000, 0x00000000f7080000, 0x0000000100000000)
  eden space 280576K, 84% used [0x00000000e0000000,0x00000000ee8cc3e8,0x00000000f1200000)
  from space 11776K, 96% used [0x00000000f6500000,0x00000000f7011dd0,0x00000000f7080000)
  to   space 22528K, 0% used [0x00000000f4480000,0x00000000f4480000,0x00000000f5a80000)
 ParOldGen       total 101376K, used 56634K [0x00000000a0000000, 0x00000000a6300000, 0x00000000e0000000)
  object space 101376K, 55% used [0x00000000a0000000,0x00000000a374ebc0,0x00000000a6300000)
 Metaspace       used 106415K, capacity 113714K, committed 113832K, reserved 1148928K
  class space    used 13126K, capacity 14465K, committed 14512K, reserved 1048576K

Card table byte_map: [0x0000000011aa0000,0x0000000011db0000] byte_map_base: 0x00000000115a0000

Marking Bits: (ParMarkBitMap*) 0x0000000073255aa0
 Begin Bits: [0x00000000123b0000, 0x0000000013bb0000)
 End Bits:   [0x0000000013bb0000, 0x00000000153b0000)

Polling page: 0x0000000000810000

CodeCache: size=245760Kb used=87129Kb max_used=87156Kb free=158630Kb
 bounds [0x00000000026e0000, 0x0000000007ca0000, 0x00000000116e0000]
 total_blobs=24948 nmethods=23913 adapters=945
 compilation: enabled

Compilation events (10 events):
Event: 26953.240 Thread 0x000000001604f000 nmethod 33030 0x0000000007c84e90 code [0x0000000007c85120, 0x0000000007c85e40]
Event: 27017.176 Thread 0x0000000016048800 33032   !   4       java.io.ObjectInputStream::filterCheck (267 bytes)
Event: 27017.180 Thread 0x0000000016058800 33033   !   3       sun.reflect.GeneratedMethodAccessor65::invoke (66 bytes)
Event: 27017.287 Thread 0x0000000016058800 nmethod 33033 0x0000000007c81c90 code [0x0000000007c81e80, 0x0000000007c82638]
Event: 27017.504 Thread 0x0000000016048800 nmethod 33032 0x000000000512d110 code [0x000000000512d240, 0x000000000512d2b8]
Event: 27017.553 Thread 0x000000001604f000 33035   !   4       java.io.ObjectInputStream::readObject0 (566 bytes)
Event: 27017.692 Thread 0x0000000016048800 33036       4       java.io.ObjectInputStream$BlockDataInputStream::peekByte (20 bytes)
Event: 27018.142 Thread 0x0000000016048800 nmethod 33036 0x0000000003c2b0d0 code [0x0000000003c2b220, 0x0000000003c2b318]
Event: 27019.553 Thread 0x0000000016058800 33034   !   3       sun.reflect.GeneratedMethodAccessor66::invoke (61 bytes)
Event: 27019.557 Thread 0x0000000016058800 nmethod 33034 0x0000000007c8b390 code [0x0000000007c8b560, 0x0000000007c8bc38]

GC Heap History (10 events):
Event: 17739.484 GC heap before
{Heap before GC invocations=78 (full 4):
 PSYoungGen      total 365568K, used 365085K [0x00000000e0000000, 0x00000000fa300000, 0x0000000100000000)
  eden space 347136K, 100% used [0x00000000e0000000,0x00000000f5300000,0x00000000f5300000)
  from space 18432K, 97% used [0x00000000f7f00000,0x00000000f90874d0,0x00000000f9100000)
  to   space 18432K, 0% used [0x00000000f9100000,0x00000000f9100000,0x00000000fa300000)
 ParOldGen       total 101376K, used 56610K [0x00000000a0000000, 0x00000000a6300000, 0x00000000e0000000)
  object space 101376K, 55% used [0x00000000a0000000,0x00000000a3748bc0,0x00000000a6300000)
 Metaspace       used 105493K, capacity 112470K, committed 112680K, reserved 1146880K
  class space    used 13042K, capacity 14321K, committed 14384K, reserved 1048576K
Event: 17742.089 GC heap after
Heap after GC invocations=78 (full 4):
 PSYoungGen      total 347136K, used 14474K [0x00000000e0000000, 0x00000000f9f80000, 0x0000000100000000)
  eden space 332288K, 0% used [0x00000000e0000000,0x00000000e0000000,0x00000000f4480000)
  from space 14848K, 97% used [0x00000000f9100000,0x00000000f9f22a30,0x00000000f9f80000)
  to   space 25600K, 0% used [0x00000000f6d80000,0x00000000f6d80000,0x00000000f8680000)
 ParOldGen       total 101376K, used 56610K [0x00000000a0000000, 0x00000000a6300000, 0x00000000e0000000)
  object space 101376K, 55% used [0x00000000a0000000,0x00000000a3748bc0,0x00000000a6300000)
 Metaspace       used 105493K, capacity 112470K, committed 112680K, reserved 1146880K
  class space    used 13042K, capacity 14321K, committed 14384K, reserved 1048576K
}
Event: 21687.466 GC heap before
{Heap before GC invocations=79 (full 4):
 PSYoungGen      total 347136K, used 346762K [0x00000000e0000000, 0x00000000f9f80000, 0x0000000100000000)
  eden space 332288K, 100% used [0x00000000e0000000,0x00000000f4480000,0x00000000f4480000)
  from space 14848K, 97% used [0x00000000f9100000,0x00000000f9f22a30,0x00000000f9f80000)
  to   space 25600K, 0% used [0x00000000f6d80000,0x00000000f6d80000,0x00000000f8680000)
 ParOldGen       total 101376K, used 56610K [0x00000000a0000000, 0x00000000a6300000, 0x00000000e0000000)
  object space 101376K, 55% used [0x00000000a0000000,0x00000000a3748bc0,0x00000000a6300000)
 Metaspace       used 105665K, capacity 112706K, committed 112936K, reserved 1148928K
  class space    used 13049K, capacity 14355K, committed 14384K, reserved 1048576K
Event: 21690.908 GC heap after
Heap after GC invocations=79 (full 4):
 PSYoungGen      total 331264K, used 12570K [0x00000000e0000000, 0x00000000f9180000, 0x0000000100000000)
  eden space 318464K, 0% used [0x00000000e0000000,0x00000000e0000000,0x00000000f3700000)
  from space 12800K, 98% used [0x00000000f6d80000,0x00000000f79c6bd8,0x00000000f7a00000)
  to   space 24064K, 0% used [0x00000000f7a00000,0x00000000f7a00000,0x00000000f9180000)
 ParOldGen       total 101376K, used 56610K [0x00000000a0000000, 0x00000000a6300000, 0x00000000e0000000)
  object space 101376K, 55% used [0x00000000a0000000,0x00000000a3748bc0,0x00000000a6300000)
 Metaspace       used 105665K, capacity 112706K, committed 112936K, reserved 1148928K
  class space    used 13049K, capacity 14355K, committed 14384K, reserved 1048576K
}
Event: 22826.026 GC heap before
{Heap before GC invocations=80 (full 4):
 PSYoungGen      total 331264K, used 331034K [0x00000000e0000000, 0x00000000f9180000, 0x0000000100000000)
  eden space 318464K, 100% used [0x00000000e0000000,0x00000000f3700000,0x00000000f3700000)
  from space 12800K, 98% used [0x00000000f6d80000,0x00000000f79c6bd8,0x00000000f7a00000)
  to   space 24064K, 0% used [0x00000000f7a00000,0x00000000f7a00000,0x00000000f9180000)
 ParOldGen       total 101376K, used 56610K [0x00000000a0000000, 0x00000000a6300000, 0x00000000e0000000)
  object space 101376K, 55% used [0x00000000a0000000,0x00000000a3748bc0,0x00000000a6300000)
 Metaspace       used 105762K, capacity 112834K, committed 112936K, reserved 1148928K
  class space    used 13051K, capacity 14355K, committed 14384K, reserved 1048576K
Event: 22831.896 GC heap after
Heap after GC invocations=80 (full 4):
 PSYoungGen      total 319488K, used 14282K [0x00000000e0000000, 0x00000000f8800000, 0x0000000100000000)
  eden space 305152K, 0% used [0x00000000e0000000,0x00000000e0000000,0x00000000f2a00000)
  from space 14336K, 99% used [0x00000000f7a00000,0x00000000f87f2bd8,0x00000000f8800000)
  to   space 23552K, 0% used [0x00000000f5a00000,0x00000000f5a00000,0x00000000f7100000)
 ParOldGen       total 101376K, used 56618K [0x00000000a0000000, 0x00000000a6300000, 0x00000000e0000000)
  object space 101376K, 55% used [0x00000000a0000000,0x00000000a374abc0,0x00000000a6300000)
 Metaspace       used 105762K, capacity 112834K, committed 112936K, reserved 1148928K
  class space    used 13051K, capacity 14355K, committed 14384K, reserved 1048576K
}
Event: 26614.361 GC heap before
{Heap before GC invocations=81 (full 4):
 PSYoungGen      total 319488K, used 319434K [0x00000000e0000000, 0x00000000f8800000, 0x0000000100000000)
  eden space 305152K, 100% used [0x00000000e0000000,0x00000000f2a00000,0x00000000f2a00000)
  from space 14336K, 99% used [0x00000000f7a00000,0x00000000f87f2bd8,0x00000000f8800000)
  to   space 23552K, 0% used [0x00000000f5a00000,0x00000000f5a00000,0x00000000f7100000)
 ParOldGen       total 101376K, used 56618K [0x00000000a0000000, 0x00000000a6300000, 0x00000000e0000000)
  object space 101376K, 55% used [0x00000000a0000000,0x00000000a374abc0,0x00000000a6300000)
 Metaspace       used 106337K, capacity 113550K, committed 113832K, reserved 1148928K
  class space    used 13123K, capacity 14459K, committed 14512K, reserved 1048576K
Event: 26618.546 GC heap after
Heap after GC invocations=81 (full 4):
 PSYoungGen      total 303616K, used 11117K [0x00000000e0000000, 0x00000000f7a80000, 0x0000000100000000)
  eden space 292352K, 0% used [0x00000000e0000000,0x00000000e0000000,0x00000000f1d80000)
  from space 11264K, 98% used [0x00000000f5a00000,0x00000000f64db440,0x00000000f6500000)
  to   space 22016K, 0% used [0x00000000f6500000,0x00000000f6500000,0x00000000f7a80000)
 ParOldGen       total 101376K, used 56626K [0x00000000a0000000, 0x00000000a6300000, 0x00000000e0000000)
  object space 101376K, 55% used [0x00000000a0000000,0x00000000a374cbc0,0x00000000a6300000)
 Metaspace       used 106337K, capacity 113550K, committed 113832K, reserved 1148928K
  class space    used 13123K, capacity 14459K, committed 14512K, reserved 1048576K
}
Event: 26696.108 GC heap before
{Heap before GC invocations=82 (full 4):
 PSYoungGen      total 303616K, used 303275K [0x00000000e0000000, 0x00000000f7a80000, 0x0000000100000000)
  eden space 292352K, 99% used [0x00000000e0000000,0x00000000f1d4f9a8,0x00000000f1d80000)
  from space 11264K, 98% used [0x00000000f5a00000,0x00000000f64db440,0x00000000f6500000)
  to   space 22016K, 0% used [0x00000000f6500000,0x00000000f6500000,0x00000000f7a80000)
 ParOldGen       total 101376K, used 56626K [0x00000000a0000000, 0x00000000a6300000, 0x00000000e0000000)
  object space 101376K, 55% used [0x00000000a0000000,0x00000000a374cbc0,0x00000000a6300000)
 Metaspace       used 106403K, capacity 113714K, committed 113832K, reserved 1148928K
  class space    used 13126K, capacity 14465K, committed 14512K, reserved 1048576K
Event: 26696.949 GC heap after
Heap after GC invocations=82 (full 4):
 PSYoungGen      total 292352K, used 11335K [0x00000000e0000000, 0x00000000f7080000, 0x0000000100000000)
  eden space 280576K, 0% used [0x00000000e0000000,0x00000000e0000000,0x00000000f1200000)
  from space 11776K, 96% used [0x00000000f6500000,0x00000000f7011dd0,0x00000000f7080000)
  to   space 22528K, 0% used [0x00000000f4480000,0x00000000f4480000,0x00000000f5a80000)
 ParOldGen       total 101376K, used 56634K [0x00000000a0000000, 0x00000000a6300000, 0x00000000e0000000)
  object space 101376K, 55% used [0x00000000a0000000,0x00000000a374ebc0,0x00000000a6300000)
 Metaspace       used 106403K, capacity 113714K, committed 113832K, reserved 1148928K
  class space    used 13126K, capacity 14465K, committed 14512K, reserved 1048576K
}

Deoptimization events (10 events):
Event: 26669.132 Thread 0x0000000022d46800 Uncommon trap: reason=bimorphic action=maybe_recompile pc=0x0000000002b17e54 method=java.io.ObjectInputStream$PeekInputStream.read()I @ 23
Event: 26669.132 Thread 0x0000000022d46800 Uncommon trap: reason=bimorphic action=maybe_recompile pc=0x0000000002b17e54 method=java.io.ObjectInputStream$PeekInputStream.read()I @ 23
Event: 26669.132 Thread 0x0000000022d46800 Uncommon trap: reason=bimorphic action=maybe_recompile pc=0x0000000002b17e54 method=java.io.ObjectInputStream$PeekInputStream.read()I @ 23
Event: 26669.132 Thread 0x0000000022d46800 Uncommon trap: reason=bimorphic action=maybe_recompile pc=0x0000000002b17e54 method=java.io.ObjectInputStream$PeekInputStream.read()I @ 23
Event: 26669.286 Thread 0x0000000022d46800 Uncommon trap: reason=bimorphic action=maybe_recompile pc=0x00000000071cc448 method=java.io.ObjectInputStream.readNonProxyDesc(Z)Ljava/io/ObjectStreamClass; @ 56
Event: 26669.320 Thread 0x0000000022d46800 Uncommon trap: reason=bimorphic action=maybe_recompile pc=0x00000000071cc448 method=java.io.ObjectInputStream.readNonProxyDesc(Z)Ljava/io/ObjectStreamClass; @ 56
Event: 26669.333 Thread 0x0000000022d46800 Uncommon trap: reason=bimorphic action=maybe_recompile pc=0x00000000071cc448 method=java.io.ObjectInputStream.readNonProxyDesc(Z)Ljava/io/ObjectStreamClass; @ 56
Event: 26669.336 Thread 0x0000000022d46800 Uncommon trap: reason=array_check action=maybe_recompile pc=0x0000000005b91df8 method=java.util.Arrays.fill([Ljava/lang/Object;IILjava/lang/Object;)V @ 20
Event: 26673.705 Thread 0x0000000022d46800 Uncommon trap: reason=bimorphic action=maybe_recompile pc=0x0000000006040a24 method=java.util.AbstractList.equals(Ljava/lang/Object;)Z @ 58
Event: 26695.863 Thread 0x000000001e641800 Uncommon trap: reason=null_check action=make_not_entrant pc=0x000000000306c680 method=com.google.common.util.concurrent.AbstractFuture.get()Ljava/lang/Object; @ 125

Classes redefined (0 events):
No events

Internal exceptions (10 events):
Event: 26690.253 Thread 0x0000000022d47000 Exception <a 'sun/nio/fs/WindowsException'> (0x00000000eff8c798) thrown at [D:\src\AOSP-openjdk-cygwin\jdk8u\hotspot\src\share\vm\prims\jni.cpp, line 709]
Event: 26691.425 Thread 0x000000001e63e800 Exception <a 'sun/nio/fs/WindowsException'> (0x00000000f05f9ad0) thrown at [D:\src\AOSP-openjdk-cygwin\jdk8u\hotspot\src\share\vm\prims\jni.cpp, line 709]
Event: 26692.566 Thread 0x000000001e645800 Exception <a 'sun/nio/fs/WindowsException'> (0x00000000f05dc548) thrown at [D:\src\AOSP-openjdk-cygwin\jdk8u\hotspot\src\share\vm\prims\jni.cpp, line 709]
Event: 26693.771 Thread 0x000000001e641800 Exception <a 'sun/nio/fs/WindowsException'> (0x00000000f0714140) thrown at [D:\src\AOSP-openjdk-cygwin\jdk8u\hotspot\src\share\vm\prims\jni.cpp, line 709]
Event: 26694.122 Thread 0x000000001e63d000 Exception <a 'sun/nio/fs/WindowsException'> (0x00000000f08f5cd8) thrown at [D:\src\AOSP-openjdk-cygwin\jdk8u\hotspot\src\share\vm\prims\jni.cpp, line 709]
Event: 26694.233 Thread 0x000000001e649800 Exception <a 'sun/nio/fs/WindowsException'> (0x00000000f0c3b260) thrown at [D:\src\AOSP-openjdk-cygwin\jdk8u\hotspot\src\share\vm\prims\jni.cpp, line 709]
Event: 26694.250 Thread 0x000000001e63e800 Exception <a 'sun/nio/fs/WindowsException'> (0x00000000f0e55d68) thrown at [D:\src\AOSP-openjdk-cygwin\jdk8u\hotspot\src\share\vm\prims\jni.cpp, line 709]
Event: 26694.263 Thread 0x000000001e649800 Exception <a 'sun/nio/fs/WindowsException'> (0x00000000f0fb9ef0) thrown at [D:\src\AOSP-openjdk-cygwin\jdk8u\hotspot\src\share\vm\prims\jni.cpp, line 709]
Event: 26694.467 Thread 0x000000001e63e800 Exception <a 'sun/nio/fs/WindowsException'> (0x00000000f106fb58) thrown at [D:\src\AOSP-openjdk-cygwin\jdk8u\hotspot\src\share\vm\prims\jni.cpp, line 709]
Event: 26695.863 Thread 0x000000001e641800 Implicit null exception at 0x000000000306c46c to 0x000000000306c669

Events (10 events):
Event: 27016.779 Executing VM operation: RevokeBias done
Event: 27016.779 Executing VM operation: BulkRevokeBias
Event: 27016.780 Executing VM operation: BulkRevokeBias done
Event: 27017.864 Thread 0x000000001e645800 Thread added: 0x000000001e645800
Event: 27018.348 Thread 0x000000001e63e800 Thread added: 0x000000001e63e800
Event: 27019.023 Thread 0x000000001e648000 Thread added: 0x000000001e648000
Event: 27019.188 Thread 0x000000001e647000 Thread added: 0x000000001e647000
Event: 27019.189 Executing VM operation: BulkRevokeBias
Event: 27019.192 Executing VM operation: BulkRevokeBias done
Event: 27020.715 Thread 0x0000000016058800 flushing nmethod 0x0000000004547a50


Dynamic libraries:
0x00007ff77d530000 - 0x00007ff77d561000 	C:\Program Files\Android\Android Studio\jre\bin\java.exe
0x00007ffe40df0000 - 0x00007ffe40fdd000 	C:\WINDOWS\SYSTEM32\ntdll.dll
0x00007ffe3e450000 - 0x00007ffe3e503000 	C:\WINDOWS\System32\KERNEL32.DLL
0x00007ffe3dae0000 - 0x00007ffe3dd73000 	C:\WINDOWS\System32\KERNELBASE.dll
0x00007ffe40a60000 - 0x00007ffe40b03000 	C:\WINDOWS\System32\ADVAPI32.dll
0x00007ffe3e510000 - 0x00007ffe3e5ae000 	C:\WINDOWS\System32\msvcrt.dll
0x00007ffe40b10000 - 0x00007ffe40bae000 	C:\WINDOWS\System32\sechost.dll
0x00007ffe3ee60000 - 0x00007ffe3ef82000 	C:\WINDOWS\System32\RPCRT4.dll
0x00007ffe3ef90000 - 0x00007ffe3f127000 	C:\WINDOWS\System32\USER32.dll
0x00007ffe3de80000 - 0x00007ffe3dea0000 	C:\WINDOWS\System32\win32u.dll
0x00007ffe3e720000 - 0x00007ffe3e749000 	C:\WINDOWS\System32\GDI32.dll
0x00007ffe3cec0000 - 0x00007ffe3d05a000 	C:\WINDOWS\System32\gdi32full.dll
0x00007ffe3df00000 - 0x00007ffe3dfa0000 	C:\WINDOWS\System32\msvcp_win.dll
0x00007ffe3d9e0000 - 0x00007ffe3dada000 	C:\WINDOWS\System32\ucrtbase.dll
0x00007ffe331f0000 - 0x00007ffe33469000 	C:\WINDOWS\WinSxS\amd64_microsoft.windows.common-controls_6595b64144ccf1df_6.0.17763.379_none_05b83be8071c94a1\COMCTL32.dll
0x00007ffe3e050000 - 0x00007ffe3e37d000 	C:\WINDOWS\System32\combase.dll
0x00007ffe3dfa0000 - 0x00007ffe3e01e000 	C:\WINDOWS\System32\bcryptPrimitives.dll
0x00007ffe3e940000 - 0x00007ffe3e96e000 	C:\WINDOWS\System32\IMM32.DLL
0x00000000729b0000 - 0x0000000072a82000 	C:\Program Files\Android\Android Studio\jre\jre\bin\msvcr100.dll
0x0000000072a90000 - 0x00000000732d1000 	C:\Program Files\Android\Android Studio\jre\jre\bin\server\jvm.dll
0x00007ffe3e020000 - 0x00007ffe3e028000 	C:\WINDOWS\System32\PSAPI.DLL
0x00007ffe34f50000 - 0x00007ffe34f5a000 	C:\WINDOWS\SYSTEM32\VERSION.dll
0x00007ffe2a5d0000 - 0x00007ffe2a5f4000 	C:\WINDOWS\SYSTEM32\WINMM.dll
0x00007ffe270c0000 - 0x00007ffe270ed000 	C:\WINDOWS\SYSTEM32\winmmbase.dll
0x00007ffe3dd80000 - 0x00007ffe3ddca000 	C:\WINDOWS\System32\cfgmgr32.dll
0x00007ffe36580000 - 0x00007ffe36589000 	C:\WINDOWS\SYSTEM32\WSOCK32.dll
0x00007ffe409f0000 - 0x00007ffe40a5d000 	C:\WINDOWS\System32\WS2_32.dll
0x00007ffe34010000 - 0x00007ffe3401f000 	C:\Program Files\Android\Android Studio\jre\jre\bin\verify.dll
0x00007ffe23140000 - 0x00007ffe23169000 	C:\Program Files\Android\Android Studio\jre\jre\bin\java.dll
0x00007ffe24cc0000 - 0x00007ffe24cd6000 	C:\Program Files\Android\Android Studio\jre\jre\bin\zip.dll
0x00007ffe3f4f0000 - 0x00007ffe409e0000 	C:\WINDOWS\System32\SHELL32.dll
0x00007ffe3e810000 - 0x00007ffe3e8b8000 	C:\WINDOWS\System32\shcore.dll
0x00007ffe3d090000 - 0x00007ffe3d7da000 	C:\WINDOWS\System32\windows.storage.dll
0x00007ffe3ce90000 - 0x00007ffe3ceb4000 	C:\WINDOWS\System32\profapi.dll
0x00007ffe3ce30000 - 0x00007ffe3ce8d000 	C:\WINDOWS\System32\powrprof.dll
0x00007ffe3ee00000 - 0x00007ffe3ee52000 	C:\WINDOWS\System32\shlwapi.dll
0x00007ffe3cdf0000 - 0x00007ffe3ce01000 	C:\WINDOWS\System32\kernel.appcore.dll
0x00007ffe3d9c0000 - 0x00007ffe3d9d7000 	C:\WINDOWS\System32\cryptsp.dll
0x00007ffe23090000 - 0x00007ffe230aa000 	C:\Program Files\Android\Android Studio\jre\jre\bin\net.dll
0x00007ffe3c670000 - 0x00007ffe3c6d7000 	C:\WINDOWS\system32\mswsock.dll
0x00007ffe22040000 - 0x00007ffe22051000 	C:\Program Files\Android\Android Studio\jre\jre\bin\nio.dll
0x00007ffe20900000 - 0x00007ffe2091e000 	C:\Users\sum_1\.gradle\native\25\windows-amd64\native-platform.dll
0x00007ffe337b0000 - 0x00007ffe337bd000 	C:\Program Files\Android\Android Studio\jre\jre\bin\management.dll
0x00007ffe3c230000 - 0x00007ffe3c263000 	C:\WINDOWS\system32\rsaenh.dll
0x00007ffe3d060000 - 0x00007ffe3d086000 	C:\WINDOWS\System32\bcrypt.dll
0x00007ffe3ccf0000 - 0x00007ffe3cd18000 	C:\WINDOWS\SYSTEM32\USERENV.dll
0x00007ffe3c840000 - 0x00007ffe3c84c000 	C:\WINDOWS\SYSTEM32\CRYPTBASE.dll
0x00007ffe3c3d0000 - 0x00007ffe3c40d000 	C:\WINDOWS\SYSTEM32\IPHLPAPI.DLL
0x00007ffe409e0000 - 0x00007ffe409e8000 	C:\WINDOWS\System32\NSI.dll
0x00007ffe375c0000 - 0x00007ffe375d6000 	C:\WINDOWS\SYSTEM32\dhcpcsvc6.DLL
0x00007ffe377f0000 - 0x00007ffe3780c000 	C:\WINDOWS\SYSTEM32\dhcpcsvc.DLL
0x00007ffe3c420000 - 0x00007ffe3c4e6000 	C:\WINDOWS\SYSTEM32\DNSAPI.dll
0x00007ffe20ec0000 - 0x00007ffe20ee4000 	C:\Program Files\Android\Android Studio\jre\jre\bin\sunec.dll
0x00007ffe33030000 - 0x00007ffe3303a000 	C:\Windows\System32\rasadhlp.dll
0x00007ffe335d0000 - 0x00007ffe33649000 	C:\WINDOWS\System32\fwpuclnt.dll
0x00007ffe316d0000 - 0x00007ffe316db000 	C:\Program Files\Android\Android Studio\jre\jre\bin\sunmscapi.dll
0x00007ffe3d7e0000 - 0x00007ffe3d9bb000 	C:\WINDOWS\System32\CRYPT32.dll
0x00007ffe3ce10000 - 0x00007ffe3ce22000 	C:\WINDOWS\System32\MSASN1.dll
0x00007ffe20ef0000 - 0x00007ffe21087000 	C:\Program Files\Android\Android Studio\jre\jre\bin\awt.dll
0x00007ffe3e380000 - 0x00007ffe3e44b000 	C:\WINDOWS\System32\OLEAUT32.dll
0x00007ffe39ba0000 - 0x00007ffe3a15e000 	C:\WINDOWS\SYSTEM32\d2d1.dll
0x00007ffe3a8b0000 - 0x00007ffe3a93c000 	C:\WINDOWS\SYSTEM32\apphelp.dll
0x00007ffe3ace0000 - 0x00007ffe3ad0e000 	C:\WINDOWS\system32\DWMAPI.DLL
0x00007ffe3aa60000 - 0x00007ffe3aafc000 	C:\WINDOWS\system32\uxtheme.dll
0x00007ffe3bf30000 - 0x00007ffe3bf61000 	C:\WINDOWS\SYSTEM32\ntmarta.dll

VM Arguments:
jvm_args: -Xmx1536m -Dfile.encoding=windows-1252 -Duser.country=US -Duser.language=en -Duser.variant 
java_command: org.gradle.launcher.daemon.bootstrap.GradleDaemon 4.10.1
java_class_path (initial): C:\Users\sum_1\.gradle\wrapper\dists\gradle-4.10.1-all\455itskqi2qtf0v2sja68alqd\gradle-4.10.1\lib\gradle-launcher-4.10.1.jar
Launcher Type: SUN_STANDARD

Environment Variables:
PATH=C:\Program Files (x86)\Common Files\Oracle\Java\javapath;C:\Program Files\Microsoft MPI\Bin\;C:\ProgramData\Oracle\Java\javapath;C:\WINDOWS\system32;C:\WINDOWS;C:\WINDOWS\System32\Wbem;C:\WINDOWS\System32\WindowsPowerShell\v1.0\;C:\Program Files\Microsoft SQL Server\130\Tools\Binn\;C:\Program Files (x86)\Microsoft SQL Server\Client SDK\ODBC\130\Tools\Binn\;C:\Program Files (x86)\Microsoft SQL Server\140\Tools\Binn\;C:\Program Files (x86)\Microsoft SQL Server\140\DTS\Binn\;C:\Program Files (x86)\Microsoft SQL Server\140\Tools\Binn\ManagementStudio\;C:\Program Files\Microsoft SQL Server\140\Tools\Binn\;C:\Program Files\Microsoft SQL Server\140\DTS\Binn\;C:\Program Files\Microsoft SQL Server\Client SDK\ODBC\130\Tools\Binn\;C:\WINDOWS\System32\OpenSSH\;C:\Program Files\dotnet\;C:\Users\sum_1\AppData\Local\Microsoft\WindowsApps;
USERNAME=zSum
OS=Windows_NT
PROCESSOR_IDENTIFIER=Intel64 Family 6 Model 78 Stepping 3, GenuineIntel



---------------  S Y S T E M  ---------------

OS: Windows 10.0 , 64 bit Build 17763 (10.0.17763.379)

CPU:total 4 (initial active 4) (2 cores per cpu, 2 threads per core) family 6 model 78 stepping 3, cmov, cx8, fxsr, mmx, sse, sse2, sse3, ssse3, sse4.1, sse4.2, popcnt, avx, avx2, aes, clmul, erms, 3dnowpref, lzcnt, ht, tsc, tscinvbit, bmi1, bmi2, adx

Memory: 4k page, physical 4060708k(299396k free), swap 8255012k(2308k free)

vm_info: OpenJDK 64-Bit Server VM (25.152-b01) for windows-amd64 JRE (1.8.0_152-release-1248-b01), built by "builder" with MS VC++ 10.0 (VS2010)

time: Thu Mar 21 21:02:49 2019
elapsed time: 27021 seconds (0d 7h 30m 21s)

